2015-11-25 21:49:58.601 INFO  o.d.e.ExtractApksToolMain                Running with Configuration{perCategory=5, top=[5], maxDate=null, minDate=null, copy=false}
2015-11-25 21:49:58.696 INFO  o.d.extract_apks_tool.TopApksPathsFile   Processing apks paths. Paths to process: 8164
2015-11-25 21:49:59.474 INFO  o.d.extract_apks_tool.TopApksPathsFile   Processsing path no.   82 out of 8164 (  1.00%): /jacobs/APKs/ch/chri/chri.reg/chri.registro.spese.free/2.6.5/chri.registro.spese.free.apk
2015-11-25 21:49:59.881 INFO  o.d.extract_apks_tool.TopApksPathsFile   Processsing path no.  164 out of 8164 (  2.01%): /jacobs/APKs/ce/cent/cento.fl/cento.flapp.lib/1.7/cento.flapp.lib.apk
2015-11-25 21:50:00.260 INFO  o.d.extract_apks_tool.TopApksPathsFile   Processsing path no.  245 out of 8164 (  3.00%): /jacobs/APKs/nl/nl.z/nl.zworl/nl.zworld.android.wgt2014/1.3.1/nl.zworld.android.wgt2014.apk
2015-11-25 21:50:00.827 INFO  o.d.extract_apks_tool.TopApksPathsFile   Processsing path no.  327 out of 8164 (  4.01%): /jacobs/APKs/an/angr/angryinv/angryinvadersappstudios.telegramnotesv2/4.0/angryinvadersappstudios.telegramnotesv2.apk
2015-11-25 21:50:01.424 INFO  o.d.extract_apks_tool.TopApksPathsFile   Processsing path no.  409 out of 8164 (  5.01%): /jacobs/APKs/ap/appi/appinven/appinventor.ai_lagoonimp.classicboard/1.0/appinventor.ai_lagoonimp.classicboard.apk
2015-11-25 21:50:01.722 INFO  o.d.extract_apks_tool.TopApksPathsFile   Processsing path no.  490 out of 8164 (  6.00%): /jacobs/APKs/ne/net./net.zedg/net.zedge.android/4.10.2/net.zedge.android.apk
2015-11-25 21:50:02.027 INFO  o.d.extract_apks_tool.TopApksPathsFile   Processsing path no.  572 out of 8164 (  7.01%): /jacobs/APKs/ar/arli/arlind.s/arlind.shiko.Shqip/2.0/arlind.shiko.Shqip.apk
2015-11-25 21:50:02.334 INFO  o.d.extract_apks_tool.TopApksPathsFile   Processsing path no.  654 out of 8164 (  8.01%): /jacobs/APKs/co/com./com.appr/com.approids.whatsapplocker/1.0/com.approids.whatsapplocker.apk
2015-11-25 21:50:02.820 INFO  o.d.extract_apks_tool.TopApksPathsFile   Processsing path no.  735 out of 8164 (  9.00%): /jacobs/APKs/co/com./com.nine/com.ninetyfour.degrees.app/1.1.2/com.ninetyfour.degrees.app.apk
2015-11-25 21:50:03.098 DEBUG org.droidmate.extract_apks_tool.Apk      ! Missing versionCode in /jacobs/APKs/co/com./com.caow/com.caowen.doodlestyle/1.0/details.json. Using instead majorVersionNumber of 1
2015-11-25 21:50:03.278 INFO  o.d.extract_apks_tool.TopApksPathsFile   Processsing path no.  817 out of 8164 ( 10.01%): /jacobs/APKs/co/com./com.popu/com.popularapp.periodcalendar/1.467/com.popularapp.periodcalendar.apk
2015-11-25 21:50:03.613 INFO  o.d.extract_apks_tool.TopApksPathsFile   Processsing path no.  899 out of 8164 ( 11.01%): /jacobs/APKs/co/com./com.quan/com.quanticapps.quranandroid/1/com.quanticapps.quranandroid.apk
2015-11-25 21:50:03.896 INFO  o.d.extract_apks_tool.TopApksPathsFile   Processsing path no.  980 out of 8164 ( 12.00%): /jacobs/APKs/co/com./com.golo/com.goloya.twozerofoureight/1.21/com.goloya.twozerofoureight.apk
2015-11-25 21:50:04.223 INFO  o.d.extract_apks_tool.TopApksPathsFile   Processsing path no. 1062 out of 8164 ( 13.01%): /jacobs/APKs/co/com./com.whir/com.whirlscape.minuumfree/2.3/com.whirlscape.minuumfree.apk
2015-11-25 21:50:04.586 INFO  o.d.extract_apks_tool.TopApksPathsFile   Processsing path no. 1143 out of 8164 ( 14.00%): /jacobs/APKs/co/com./com.jueg/com.juegosdemahjong/1.0/com.juegosdemahjong.apk
2015-11-25 21:50:05.097 INFO  o.d.extract_apks_tool.TopApksPathsFile   Processsing path no. 1225 out of 8164 ( 15.00%): /jacobs/APKs/co/com./com.zatt/com.zattoo.player/1.6.3/com.zattoo.player.apk
2015-11-25 21:50:05.534 INFO  o.d.extract_apks_tool.TopApksPathsFile   Processsing path no. 1307 out of 8164 ( 16.01%): /jacobs/APKs/co/com./com.giul/com.giulio.consoledevweb/1.0.1/com.giulio.consoledevweb.apk
2015-11-25 21:50:05.807 INFO  o.d.extract_apks_tool.TopApksPathsFile   Processsing path no. 1388 out of 8164 ( 17.00%): /jacobs/APKs/co/com./com.yogi/com.yogi.valentine/2/com.yogi.valentine.apk
2015-11-25 21:50:06.084 INFO  o.d.extract_apks_tool.TopApksPathsFile   Processsing path no. 1470 out of 8164 ( 18.01%): /jacobs/APKs/co/com./com.pl.c/com.pl.cwc_2015/1.2.29.release/com.pl.cwc_2015.apk
2015-11-25 21:50:06.351 INFO  o.d.extract_apks_tool.TopApksPathsFile   Processsing path no. 1552 out of 8164 ( 19.01%): /jacobs/APKs/co/com./com.thun/com.thunderbull_entertainment.callofdead/1.2/com.thunderbull_entertainment.callofdead.apk
2015-11-25 21:50:06.817 INFO  o.d.extract_apks_tool.TopApksPathsFile   Processsing path no. 1633 out of 8164 ( 20.00%): /jacobs/APKs/co/com./com.andr/com.androtech.images/1.0/com.androtech.images.apk
2015-11-25 21:50:07.226 INFO  o.d.extract_apks_tool.TopApksPathsFile   Processsing path no. 1715 out of 8164 ( 21.01%): /jacobs/APKs/co/com./com.bint/com.binteraktive.kniffellight/2.0.7/com.binteraktive.kniffellight.apk
2015-11-25 21:50:07.590 INFO  o.d.extract_apks_tool.TopApksPathsFile   Processsing path no. 1797 out of 8164 ( 22.01%): /jacobs/APKs/co/com./com.sukh/com.sukhoyapps.howtophotoeditblemishes/1.0/com.sukhoyapps.howtophotoeditblemishes.apk
2015-11-25 21:50:07.916 INFO  o.d.extract_apks_tool.TopApksPathsFile   Processsing path no. 1878 out of 8164 ( 23.00%): /jacobs/APKs/co/com./com.easy/com.easygame.farmworlds/1.0.004/com.easygame.farmworlds.apk
2015-11-25 21:50:08.179 INFO  o.d.extract_apks_tool.TopApksPathsFile   Processsing path no. 1960 out of 8164 ( 24.01%): /jacobs/APKs/co/com./com.aspi/com.aspiredgames.pocketcraftSE/1.02/com.aspiredgames.pocketcraftSE.apk
2015-11-25 21:50:08.472 INFO  o.d.extract_apks_tool.TopApksPathsFile   Processsing path no. 2041 out of 8164 ( 25.00%): /jacobs/APKs/co/com./com.d.in/com.d.inundacion.color/1.4/com.d.inundacion.color.apk
2015-11-25 21:50:08.914 INFO  o.d.extract_apks_tool.TopApksPathsFile   Processsing path no. 2123 out of 8164 ( 26.00%): /jacobs/APKs/co/com./com.goog/com.google.android.apps.adwords/1.02/com.google.android.apps.adwords.apk
2015-11-25 21:50:09.330 INFO  o.d.extract_apks_tool.TopApksPathsFile   Processsing path no. 2205 out of 8164 ( 27.01%): /jacobs/APKs/co/com./com.devi/com.deviantart.mobile.view/3.2/com.deviantart.mobile.view.apk
2015-11-25 21:50:09.621 INFO  o.d.extract_apks_tool.TopApksPathsFile   Processsing path no. 2286 out of 8164 ( 28.00%): /jacobs/APKs/co/com./com.devu/com.devuni.flashlight.colorlight/1.3/com.devuni.flashlight.colorlight.apk
2015-11-25 21:50:09.886 INFO  o.d.extract_apks_tool.TopApksPathsFile   Processsing path no. 2368 out of 8164 ( 29.01%): /jacobs/APKs/co/com./com.Vite/com.Vite.HoneyHellFlameSkull/1.0/com.Vite.HoneyHellFlameSkull.apk
2015-11-25 21:50:10.156 INFO  o.d.extract_apks_tool.TopApksPathsFile   Processsing path no. 2450 out of 8164 ( 30.01%): /jacobs/APKs/co/com./com.ea.g/com.ea.game.scrabblemattel_bv/3.6.1.17/com.ea.game.scrabblemattel_bv.apk
2015-11-25 21:50:10.443 INFO  o.d.extract_apks_tool.TopApksPathsFile   Processsing path no. 2531 out of 8164 ( 31.00%): /jacobs/APKs/co/com./com.egea/com.egeaappdesign.euroturklira/1.3/com.egeaappdesign.euroturklira.apk
2015-11-25 21:50:10.956 INFO  o.d.extract_apks_tool.TopApksPathsFile   Processsing path no. 2613 out of 8164 ( 32.01%): /jacobs/APKs/co/com./com.igg./com.igg.clashoflords2/1.0.113/com.igg.clashoflords2.apk
2015-11-25 21:50:11.411 INFO  o.d.extract_apks_tool.TopApksPathsFile   Processsing path no. 2695 out of 8164 ( 33.01%): /jacobs/APKs/co/com./com.mobi/com.mobisystems.office/7.4.1805/com.mobisystems.office.apk
2015-11-25 21:50:11.705 INFO  o.d.extract_apks_tool.TopApksPathsFile   Processsing path no. 2776 out of 8164 ( 34.00%): /jacobs/APKs/co/com./com.fami/com.familyfun.djmix/1.0/com.familyfun.djmix.apk
2015-11-25 21:50:11.980 INFO  o.d.extract_apks_tool.TopApksPathsFile   Processsing path no. 2858 out of 8164 ( 35.01%): /jacobs/APKs/co/com./com.mete/com.meteogroup.roadmaster/1.0/com.meteogroup.roadmaster.apk
2015-11-25 21:50:12.255 INFO  o.d.extract_apks_tool.TopApksPathsFile   Processsing path no. 2940 out of 8164 ( 36.01%): /jacobs/APKs/co/com./com.Boul/com.Bouland.BallanceResurrection/1.0.3.3/com.Bouland.BallanceResurrection.apk
2015-11-25 21:50:12.578 INFO  o.d.extract_apks_tool.TopApksPathsFile   Processsing path no. 3021 out of 8164 ( 37.00%): /jacobs/APKs/co/com./com.supe/com.supercell.clashofclans/5.113.2/com.supercell.clashofclans.apk
2015-11-25 21:50:12.971 INFO  o.d.extract_apks_tool.TopApksPathsFile   Processsing path no. 3103 out of 8164 ( 38.01%): /jacobs/APKs/co/com./com.clea/com.cleanmaster.security.heartbleed/1.0.4/com.cleanmaster.security.heartbleed.apk
2015-11-25 21:50:13.369 INFO  o.d.extract_apks_tool.TopApksPathsFile   Processsing path no. 3184 out of 8164 ( 39.00%): /jacobs/APKs/co/com./com.shop/com.shopgate.android.app11045/3.2.6/com.shopgate.android.app11045.apk
2015-11-25 21:50:13.811 INFO  o.d.extract_apks_tool.TopApksPathsFile   Processsing path no. 3266 out of 8164 ( 40.00%): /jacobs/APKs/co/com./com.game/com.gameloft.android.ANMP.GloftSIHM/1.0.1e/com.gameloft.android.ANMP.GloftSIHM.apk
2015-11-25 21:50:14.277 INFO  o.d.extract_apks_tool.TopApksPathsFile   Processsing path no. 3348 out of 8164 ( 41.01%): /jacobs/APKs/co/com./com.digi/com.digitalsky.dragonbane.de/1.3/com.digitalsky.dragonbane.de.apk
2015-11-25 21:50:14.624 INFO  o.d.extract_apks_tool.TopApksPathsFile   Processsing path no. 3429 out of 8164 ( 42.00%): /jacobs/APKs/co/com./com.barl/com.barleymobile.emojikeyboard/1.5/com.barleymobile.emojikeyboard.apk
2015-11-25 21:50:14.909 INFO  o.d.extract_apks_tool.TopApksPathsFile   Processsing path no. 3511 out of 8164 ( 43.01%): /jacobs/APKs/co/com./com.quit/com.quitesalelonely.xayscangame/1.0/com.quitesalelonely.xayscangame.apk
2015-11-25 21:50:15.191 INFO  o.d.extract_apks_tool.TopApksPathsFile   Processsing path no. 3593 out of 8164 ( 44.01%): /jacobs/APKs/co/com./com.atea/com.ateamdroid.lovediary/2.4/com.ateamdroid.lovediary.apk
2015-11-25 21:50:15.517 INFO  o.d.extract_apks_tool.TopApksPathsFile   Processsing path no. 3674 out of 8164 ( 45.00%): /jacobs/APKs/co/com./com.byri/com.byril.dots/1.0.0/com.byril.dots.apk
2015-11-25 21:50:15.955 INFO  o.d.extract_apks_tool.TopApksPathsFile   Processsing path no. 3756 out of 8164 ( 46.01%): /jacobs/APKs/co/com./com.appt/com.apptornado.word/1.1/com.apptornado.word.apk
2015-11-25 21:50:16.390 INFO  o.d.extract_apks_tool.TopApksPathsFile   Processsing path no. 3838 out of 8164 ( 47.01%): /jacobs/APKs/co/com./com.dax1/com.dax12germanychart/7.3/com.dax12germanychart.apk
2015-11-25 21:50:16.690 INFO  o.d.extract_apks_tool.TopApksPathsFile   Processsing path no. 3919 out of 8164 ( 48.00%): /jacobs/APKs/co/com./com.mang/com.mangopub.fractalcombatx/1.0.11.0/com.mangopub.fractalcombatx.apk
2015-11-25 21:50:16.966 INFO  o.d.extract_apks_tool.TopApksPathsFile   Processsing path no. 4001 out of 8164 ( 49.01%): /jacobs/APKs/co/com./com.topd/com.topdiets.de/1.0/com.topdiets.de.apk
2015-11-25 21:50:17.323 INFO  o.d.extract_apks_tool.TopApksPathsFile   Processsing path no. 4082 out of 8164 ( 50.00%): /jacobs/APKs/co/com./com.upp./com.upp.mangadrawings/1.2/com.upp.mangadrawings.apk
2015-11-25 21:50:17.739 INFO  o.d.extract_apks_tool.TopApksPathsFile   Processsing path no. 4164 out of 8164 ( 51.00%): /jacobs/APKs/co/com./com.marc/com.marc.guide.flybird/1.2/com.marc.guide.flybird.apk
2015-11-25 21:50:18.192 INFO  o.d.extract_apks_tool.TopApksPathsFile   Processsing path no. 4246 out of 8164 ( 52.01%): /jacobs/APKs/co/com./com.mono/com.monotype.android.font.free.fifty1/1.6.6/com.monotype.android.font.free.fifty1.apk
2015-11-25 21:50:18.545 INFO  o.d.extract_apks_tool.TopApksPathsFile   Processsing path no. 4327 out of 8164 ( 53.00%): /jacobs/APKs/co/com./com.boya/com.boyaa.androidmarketde/3.3.3/com.boyaa.androidmarketde.apk
2015-11-25 21:50:18.840 INFO  o.d.extract_apks_tool.TopApksPathsFile   Processsing path no. 4409 out of 8164 ( 54.01%): /jacobs/APKs/co/com./com.iu.s/com.iu.seccheck/1.0/com.iu.seccheck.apk
2015-11-25 21:50:19.128 INFO  o.d.extract_apks_tool.TopApksPathsFile   Processsing path no. 4491 out of 8164 ( 55.01%): /jacobs/APKs/co/com./com.ezjo/com.ezjoynetwork.cookiemania/1.0.8/com.ezjoynetwork.cookiemania.apk
2015-11-25 21:50:19.408 INFO  o.d.extract_apks_tool.TopApksPathsFile   Processsing path no. 4572 out of 8164 ( 56.00%): /jacobs/APKs/co/com./com.pozi/com.pozitron.pegasus/1.0.0-release/com.pozitron.pegasus.apk
2015-11-25 21:50:19.831 INFO  o.d.extract_apks_tool.TopApksPathsFile   Processsing path no. 4654 out of 8164 ( 57.01%): /jacobs/APKs/co/com./com.maki/com.makingfun.mageandminions/1.0.3/com.makingfun.mageandminions.apk
2015-11-25 21:50:20.234 INFO  o.d.extract_apks_tool.TopApksPathsFile   Processsing path no. 4736 out of 8164 ( 58.01%): /jacobs/APKs/co/com./com.Tobi/com.Tobit.android.Slitte6494620382/3.128/com.Tobit.android.Slitte6494620382.apk
2015-11-25 21:50:20.586 INFO  o.d.extract_apks_tool.TopApksPathsFile   Processsing path no. 4817 out of 8164 ( 59.00%): /jacobs/APKs/co/com./com.anim/com.animoca.google.armiesofDragons/1.0.0/com.animoca.google.armiesofDragons.apk
2015-11-25 21:50:20.852 INFO  o.d.extract_apks_tool.TopApksPathsFile   Processsing path no. 4899 out of 8164 ( 60.01%): /jacobs/APKs/co/com./com.stac/com.stac.empire.main/2.3.6/com.stac.empire.main.apk
2015-11-25 21:50:21.124 INFO  o.d.extract_apks_tool.TopApksPathsFile   Processsing path no. 4981 out of 8164 ( 61.01%): /jacobs/APKs/co/com./com.sirq/com.sirqul.cashhuntnash/1.2/com.sirqul.cashhuntnash.apk
2015-11-25 21:50:21.385 INFO  o.d.extract_apks_tool.TopApksPathsFile   Processsing path no. 5062 out of 8164 ( 62.00%): /jacobs/APKs/co/com./com.soft/com.softpauer.f1timingapp2014.basic/6.034/com.softpauer.f1timingapp2014.basic.apk
2015-11-25 21:50:21.780 INFO  o.d.extract_apks_tool.TopApksPathsFile   Processsing path no. 5144 out of 8164 ( 63.01%): /jacobs/APKs/co/com./com.medi/com.medithekcast/1.5/com.medithekcast.apk
2015-11-25 21:50:22.198 INFO  o.d.extract_apks_tool.TopApksPathsFile   Processsing path no. 5225 out of 8164 ( 64.00%): /jacobs/APKs/co/com./com.runt/com.runtastic.android.me.lite/1.0.2/com.runtastic.android.me.lite.apk
2015-11-25 21:50:22.553 INFO  o.d.extract_apks_tool.TopApksPathsFile   Processsing path no. 5307 out of 8164 ( 65.00%): /jacobs/APKs/co/com./com.live/com.liveonlinetv247.football/4.4/com.liveonlinetv247.football.apk
2015-11-25 21:50:22.837 INFO  o.d.extract_apks_tool.TopApksPathsFile   Processsing path no. 5389 out of 8164 ( 66.01%): /jacobs/APKs/co/com./com.king/com.king.farmheroessaga/2.11.8/com.king.farmheroessaga.apk
2015-11-25 21:50:23.195 INFO  o.d.extract_apks_tool.TopApksPathsFile   Processsing path no. 5470 out of 8164 ( 67.00%): /jacobs/APKs/co/com./com.crea/com.creativeinc.iphone5s.fingerprint.lockscreen/1.4/com.creativeinc.iphone5s.fingerprint.lockscreen.apk
2015-11-25 21:50:23.465 INFO  o.d.extract_apks_tool.TopApksPathsFile   Processsing path no. 5552 out of 8164 ( 68.01%): /jacobs/APKs/co/com./com.babb/com.babbel.mobile.android.en/4.3.1/com.babbel.mobile.android.en.apk
2015-11-25 21:50:23.994 INFO  o.d.extract_apks_tool.TopApksPathsFile   Processsing path no. 5634 out of 8164 ( 69.01%): /jacobs/APKs/co/com./com.com2/com.com2us.smon.normal.freefull.google.kr.android.common/1.1.4/com.com2us.smon.normal.freefull.google.kr.android.common.apk
2015-11-25 21:50:24.465 INFO  o.d.extract_apks_tool.TopApksPathsFile   Processsing path no. 5715 out of 8164 ( 70.00%): /jacobs/APKs/co/com./com.root/com.rootsons.soundamplifier/1.3/com.rootsons.soundamplifier.apk
2015-11-25 21:50:24.741 INFO  o.d.extract_apks_tool.TopApksPathsFile   Processsing path no. 5797 out of 8164 ( 71.01%): /jacobs/APKs/co/com./com.avas/com.avast.android.mobilesecurity/3.0.7118/com.avast.android.mobilesecurity.apk
2015-11-25 21:50:25.020 INFO  o.d.extract_apks_tool.TopApksPathsFile   Processsing path no. 5879 out of 8164 ( 72.01%): /jacobs/APKs/co/com./com.hutc/com.hutchgames.smashbandits/1.08.07/com.hutchgames.smashbandits.apk
2015-11-25 21:50:25.304 INFO  o.d.extract_apks_tool.TopApksPathsFile   Processsing path no. 5960 out of 8164 ( 73.00%): /jacobs/APKs/co/com./com.hero/com.herodraw.narutomanga/1.01/com.herodraw.narutomanga.apk
2015-11-25 21:50:25.628 INFO  o.d.extract_apks_tool.TopApksPathsFile   Processsing path no. 6042 out of 8164 ( 74.01%): /jacobs/APKs/co/com./com.pg.c/com.pg.carkifelek/1.1.11/com.pg.carkifelek.apk
2015-11-25 21:50:26.046 INFO  o.d.extract_apks_tool.TopApksPathsFile   Processsing path no. 6123 out of 8164 ( 75.00%): /jacobs/APKs/co/com./com.pock/com.pocketgameguides.coc/1.2/com.pocketgameguides.coc.apk
2015-11-25 21:50:26.462 INFO  o.d.extract_apks_tool.TopApksPathsFile   Processsing path no. 6205 out of 8164 ( 76.00%): /jacobs/APKs/co/com./com.happ/com.happyapp.paintlegofree/1.1/com.happyapp.paintlegofree.apk
2015-11-25 21:50:26.715 INFO  o.d.extract_apks_tool.TopApksPathsFile   Processsing path no. 6287 out of 8164 ( 77.01%): /jacobs/APKs/co/com./com.mxte/com.mxtech.ffmpeg.v7_neon/1.7.37/com.mxtech.ffmpeg.v7_neon.apk
2015-11-25 21:50:26.977 INFO  o.d.extract_apks_tool.TopApksPathsFile   Processsing path no. 6368 out of 8164 ( 78.00%): /jacobs/APKs/co/com./com.gau./com.gau.go.launcherex/5.05.2/com.gau.go.launcherex.apk
2015-11-25 21:50:27.264 INFO  o.d.extract_apks_tool.TopApksPathsFile   Processsing path no. 6450 out of 8164 ( 79.01%): /jacobs/APKs/co/com./com.tera/com.teragon.sunset.lite/1.0.1/com.teragon.sunset.lite.apk
2015-11-25 21:50:27.598 INFO  o.d.extract_apks_tool.TopApksPathsFile   Processsing path no. 6532 out of 8164 ( 80.01%): /jacobs/APKs/co/com./com.infi/com.infiapps.mythologyslots/1.201/com.infiapps.mythologyslots.apk
2015-11-25 21:50:27.981 INFO  o.d.extract_apks_tool.TopApksPathsFile   Processsing path no. 6613 out of 8164 ( 81.00%): /jacobs/APKs/co/com./com.fing/com.fingerdance.empire/1.0.2/com.fingerdance.empire.apk
2015-11-25 21:50:28.374 INFO  o.d.extract_apks_tool.TopApksPathsFile   Processsing path no. 6695 out of 8164 ( 82.01%): /jacobs/APKs/co/co.r/co.romes/co.romesoft.toddlers.puzzle.digger/1.0.1/co.romesoft.toddlers.puzzle.digger.apk
2015-11-25 21:50:28.911 INFO  o.d.extract_apks_tool.TopApksPathsFile   Processsing path no. 6777 out of 8164 ( 83.01%): /jacobs/APKs/br/br.c/br.com.y/br.com.yurikimo.mts/1.1/br.com.yurikimo.mts.apk
2015-11-25 21:50:29.315 INFO  o.d.extract_apks_tool.TopApksPathsFile   Processsing path no. 6858 out of 8164 ( 84.00%): /jacobs/APKs/ai/air./air.com./air.com.fiveants.football/1.1.6/air.com.fiveants.football.apk
2015-11-25 21:50:29.633 INFO  o.d.extract_apks_tool.TopApksPathsFile   Processsing path no. 6940 out of 8164 ( 85.01%): /jacobs/APKs/ai/aiku/aikutto./aikutto.downloaderforsoundcloud/2.0/aikutto.downloaderforsoundcloud.apk
2015-11-25 21:50:29.910 INFO  o.d.extract_apks_tool.TopApksPathsFile   Processsing path no. 7022 out of 8164 ( 86.01%): /jacobs/APKs/de/de.m/de.micon/de.miconware.klicktojob/1.0.0/de.miconware.klicktojob.apk
2015-11-25 21:50:30.166 INFO  o.d.extract_apks_tool.TopApksPathsFile   Processsing path no. 7103 out of 8164 ( 87.00%): /jacobs/APKs/de/de.m/de.mm2pl/de.mm2play.olympia/1.1.1/de.mm2play.olympia.apk
2015-11-25 21:50:30.418 INFO  o.d.extract_apks_tool.TopApksPathsFile   Processsing path no. 7185 out of 8164 ( 88.01%): /jacobs/APKs/de/de.o/de.onlin/de.online.game.base.optical.illusions/1.1/de.online.game.base.optical.illusions.apk
2015-11-25 21:50:30.822 INFO  o.d.extract_apks_tool.TopApksPathsFile   Processsing path no. 7266 out of 8164 ( 89.00%): /jacobs/APKs/de/de.c/de.cellu/de.cellular.focus/3.2.2/de.cellular.focus.apk
2015-11-25 21:50:31.314 INFO  o.d.extract_apks_tool.TopApksPathsFile   Processsing path no. 7348 out of 8164 ( 90.00%): /jacobs/APKs/de/de.i/de.is24./de.is24.android/4.5.1/de.is24.android.apk
2015-11-25 21:50:31.635 INFO  o.d.extract_apks_tool.TopApksPathsFile   Processsing path no. 7430 out of 8164 ( 91.01%): /jacobs/APKs/de/de.b/de.bonpr/de.bonprix.www/2.0/de.bonprix.www.apk
2015-11-25 21:50:31.908 INFO  o.d.extract_apks_tool.TopApksPathsFile   Processsing path no. 7511 out of 8164 ( 92.00%): /jacobs/APKs/de/de.s/de.spieg/de.spiegel.android.app.spon/2.2.47/de.spiegel.android.app.spon.apk
2015-11-25 21:50:32.183 INFO  o.d.extract_apks_tool.TopApksPathsFile   Processsing path no. 7593 out of 8164 ( 93.01%): /jacobs/APKs/de/de.a/de.appfi/de.appfiction.yocutiegoogle/0.968/de.appfiction.yocutiegoogle.apk
2015-11-25 21:50:32.478 INFO  o.d.extract_apks_tool.TopApksPathsFile   Processsing path no. 7675 out of 8164 ( 94.01%): /jacobs/APKs/de/de.e/de.e.con/de.e.consult.drmunte/1.0/de.e.consult.drmunte.apk
2015-11-25 21:50:32.940 INFO  o.d.extract_apks_tool.TopApksPathsFile   Processsing path no. 7756 out of 8164 ( 95.00%): /jacobs/APKs/de/de.t/de.teaca/de.teacapps.cigarettefinder.app/0.9.1/de.teacapps.cigarettefinder.app.apk
2015-11-25 21:50:33.430 INFO  o.d.extract_apks_tool.TopApksPathsFile   Processsing path no. 7838 out of 8164 ( 96.01%): /jacobs/APKs/ru/ru.t/ru.tirex/ru.tirexdev.ios7guitheme/1.4/ru.tirexdev.ios7guitheme.apk
2015-11-25 21:50:33.716 INFO  o.d.extract_apks_tool.TopApksPathsFile   Processsing path no. 7920 out of 8164 ( 97.01%): /jacobs/APKs/or/org./org.cope/org.copernicus.egu2014/1.1.7/org.copernicus.egu2014.apk
2015-11-25 21:50:33.980 INFO  o.d.extract_apks_tool.TopApksPathsFile   Processsing path no. 8001 out of 8164 ( 98.00%): /jacobs/APKs/mo/mobi/mobi.inf/mobi.infolife.ezweather.widget.notification/1.5/mobi.infolife.ezweather.widget.notification.apk
2015-11-25 21:50:34.278 INFO  o.d.extract_apks_tool.TopApksPathsFile   Processsing path no. 8083 out of 8164 ( 99.01%): /jacobs/APKs/vs/vsin/vsin.t16/vsin.t16_funny_photo/2.0.101 free/vsin.t16_funny_photo.apk
2015-11-25 21:50:34.693 INFO  o.d.extract_apks_tool.TopApksPathsFile   Processsing path no. 8164 out of 8164 (100.00%): /jacobs/APKs/xr/xray/xray.ruo/xray.ruocco/1.2/xray.ruocco.apk
2015-11-25 21:50:34.699 INFO  o.d.extract_apks_tool.TopApksPathsFile   All apks path processed.
2015-11-25 21:50:36.775 INFO  o.d.e.TopApksPerCategoryFile             Bounds of the considered date range: 
2015-11-25 21:50:36.776 INFO  o.d.e.TopApksPerCategoryFile             # minDate: 2014-01-22 (inferred from apk metadata) 
# maxDate: 2015-05-26 (inferred from apk metadata) 
2015-11-25 21:50:36.895 INFO  o.d.e.TopApksPerCategoryFile             Written out to file ./apks_perCategory5_inTop5_minDatenull_maxDatenull.txt
2015-11-25 21:50:36.895 INFO  o.d.e.ExtractApksToolMain                extract-apks-tool finished running successfully.
