2015-11-25 21:51:59.142 INFO  o.d.e.ExtractApksToolMain                Running with Configuration{perCategory=1, top=[1], maxDate=null, minDate=null, copy=false}
2015-11-25 21:51:59.216 INFO  o.d.extract_apks_tool.TopApksPathsFile   Processing apks paths. Paths to process: 1978
2015-11-25 21:51:59.617 INFO  o.d.extract_apks_tool.TopApksPathsFile   Processsing path no.   20 out of 1978 (  1.01%): /jacobs/APKs/es/es.s/es.socia/es.socialpoint.DragonCity/2.6.1/es.socialpoint.DragonCity.apk
2015-11-25 21:51:59.768 INFO  o.d.extract_apks_tool.TopApksPathsFile   Processsing path no.   40 out of 1978 (  2.02%): /jacobs/APKs/mi/mine/minecraf/minecraft.pixelmon.wikicraftnew/1.0/minecraft.pixelmon.wikicraftnew.apk
2015-11-25 21:51:59.902 INFO  o.d.extract_apks_tool.TopApksPathsFile   Processsing path no.   60 out of 1978 (  3.03%): /jacobs/APKs/pl/pl.c/pl.com.a/pl.com.androidapps.kfc/2.2/pl.com.androidapps.kfc.apk
2015-11-25 21:52:00.029 INFO  o.d.extract_apks_tool.TopApksPathsFile   Processsing path no.   80 out of 1978 (  4.04%): /jacobs/APKs/si/simp/simple.m/simple.music.free.mp3.download.songs/1.0.3/simple.music.free.mp3.download.songs.apk
2015-11-25 21:52:00.149 INFO  o.d.extract_apks_tool.TopApksPathsFile   Processsing path no.   99 out of 1978 (  5.01%): /jacobs/APKs/ne/net./net.froe/net.froemling.bombsquad/1.4.5/net.froemling.bombsquad.apk
2015-11-25 21:52:00.252 INFO  o.d.extract_apks_tool.TopApksPathsFile   Processsing path no.  119 out of 1978 (  6.02%): /jacobs/APKs/ne/net./net.fanf/net.fanfiktion.mobile/1.0.5/net.fanfiktion.mobile.apk
2015-11-25 21:52:00.352 INFO  o.d.extract_apks_tool.TopApksPathsFile   Processsing path no.  139 out of 1978 (  7.03%): /jacobs/APKs/co/com./com.luca/com.lucasarts.starts_goo/2.1.3/com.lucasarts.starts_goo.apk
2015-11-25 21:52:00.445 INFO  o.d.extract_apks_tool.TopApksPathsFile   Processsing path no.  159 out of 1978 (  8.04%): /jacobs/APKs/co/com./com.frea/com.freaxator.game100balls/1.11/com.freaxator.game100balls.apk
2015-11-25 21:52:00.543 DEBUG org.droidmate.extract_apks_tool.Apk      ! Missing versionCode in /jacobs/APKs/co/com./com.caow/com.caowen.doodlestyle/1.0/details.json. Using instead majorVersionNumber of 1
2015-11-25 21:52:00.553 INFO  o.d.extract_apks_tool.TopApksPathsFile   Processsing path no.  179 out of 1978 (  9.05%): /jacobs/APKs/co/com./com.sony/com.sonymobile.e1scream/2/com.sonymobile.e1scream.apk
2015-11-25 21:52:00.646 INFO  o.d.extract_apks_tool.TopApksPathsFile   Processsing path no.  198 out of 1978 ( 10.01%): /jacobs/APKs/co/com./com.outf/com.outfit7.talkingangelafree/2.2/com.outfit7.talkingangelafree.apk
2015-11-25 21:52:00.736 INFO  o.d.extract_apks_tool.TopApksPathsFile   Processsing path no.  218 out of 1978 ( 11.02%): /jacobs/APKs/co/com./com.whir/com.whirlscape.minuumfree/2.2c/com.whirlscape.minuumfree.apk
2015-11-25 21:52:00.814 INFO  o.d.extract_apks_tool.TopApksPathsFile   Processsing path no.  238 out of 1978 ( 12.03%): /jacobs/APKs/co/com./com.cond/com.conduit.app_10a7e96023664d0cb54b5e0e34f8e0a6.app/1.3.6.41/com.conduit.app_10a7e96023664d0cb54b5e0e34f8e0a6.app.apk
2015-11-25 21:52:00.906 INFO  o.d.extract_apks_tool.TopApksPathsFile   Processsing path no.  258 out of 1978 ( 13.04%): /jacobs/APKs/co/com./com.oper/com.opera.max/0.9.526/com.opera.max.apk
2015-11-25 21:52:00.990 INFO  o.d.extract_apks_tool.TopApksPathsFile   Processsing path no.  277 out of 1978 ( 14.00%): /jacobs/APKs/co/com./com.giul/com.giulio.storenikeweb/1.0.1/com.giulio.storenikeweb.apk
2015-11-25 21:52:01.077 INFO  o.d.extract_apks_tool.TopApksPathsFile   Processsing path no.  297 out of 1978 ( 15.02%): /jacobs/APKs/co/com./com.rovi/com.rovio.gold/1.0.10/com.rovio.gold.apk
2015-11-25 21:52:01.154 INFO  o.d.extract_apks_tool.TopApksPathsFile   Processsing path no.  317 out of 1978 ( 16.03%): /jacobs/APKs/co/com./com.ebay/com.ebay.mobile/2.5.0.31/com.ebay.mobile.apk
2015-11-25 21:52:01.275 INFO  o.d.extract_apks_tool.TopApksPathsFile   Processsing path no.  337 out of 1978 ( 17.04%): /jacobs/APKs/co/com./com.absb/com.absbm.buylocal/1.0.31/com.absbm.buylocal.apk
2015-11-25 21:52:01.358 INFO  o.d.extract_apks_tool.TopApksPathsFile   Processsing path no.  357 out of 1978 ( 18.05%): /jacobs/APKs/co/com./com.andr/com.androbros.wortsuche2/1.1/com.androbros.wortsuche2.apk
2015-11-25 21:52:01.432 INFO  o.d.extract_apks_tool.TopApksPathsFile   Processsing path no.  376 out of 1978 ( 19.01%): /jacobs/APKs/co/com./com.stev/com.stevenitro.clientaolwebmail/1.0.3/com.stevenitro.clientaolwebmail.apk
2015-11-25 21:52:01.507 INFO  o.d.extract_apks_tool.TopApksPathsFile   Processsing path no.  396 out of 1978 ( 20.02%): /jacobs/APKs/co/com./com.cybe/com.cyberlink.youcammakeup/1.0.3/com.cyberlink.youcammakeup.apk
2015-11-25 21:52:01.590 INFO  o.d.extract_apks_tool.TopApksPathsFile   Processsing path no.  416 out of 1978 ( 21.03%): /jacobs/APKs/co/com./com.asus/com.asus.livewallpaper.asusmywater/1.0.0.140929/com.asus.livewallpaper.asusmywater.apk
2015-11-25 21:52:01.693 INFO  o.d.extract_apks_tool.TopApksPathsFile   Processsing path no.  436 out of 1978 ( 22.04%): /jacobs/APKs/co/com./com.xnvi/com.xnview.XnInstant/1.07/com.xnview.XnInstant.apk
2015-11-25 21:52:01.802 INFO  o.d.extract_apks_tool.TopApksPathsFile   Processsing path no.  455 out of 1978 ( 23.00%): /jacobs/APKs/co/com./com.jtsd/com.jtsdf.puzzle.FutsalGame/1.0/com.jtsdf.puzzle.FutsalGame.apk
2015-11-25 21:52:01.906 INFO  o.d.extract_apks_tool.TopApksPathsFile   Processsing path no.  475 out of 1978 ( 24.01%): /jacobs/APKs/co/com./com.goog/com.google.android.apps.paidtasks/20140822/com.google.android.apps.paidtasks.apk
2015-11-25 21:52:02.009 INFO  o.d.extract_apks_tool.TopApksPathsFile   Processsing path no.  495 out of 1978 ( 25.03%): /jacobs/APKs/co/com./com.henn/com.henno.wm.quiz/1.1/com.henno.wm.quiz.apk
2015-11-25 21:52:02.120 INFO  o.d.extract_apks_tool.TopApksPathsFile   Processsing path no.  515 out of 1978 ( 26.04%): /jacobs/APKs/co/com./com.shaz/com.shazam.android/4.4.0-JB82212/com.shazam.android.apk
2015-11-25 21:52:02.262 INFO  o.d.extract_apks_tool.TopApksPathsFile   Processsing path no.  535 out of 1978 ( 27.05%): /jacobs/APKs/co/com./com.devu/com.devuni.flashlight.warninglights/1.2/com.devuni.flashlight.warninglights.apk
2015-11-25 21:52:02.369 INFO  o.d.extract_apks_tool.TopApksPathsFile   Processsing path no.  554 out of 1978 ( 28.01%): /jacobs/APKs/co/com./com.djin/com.djinnworks.StickmanDownhillMotocross/1.4/com.djinnworks.StickmanDownhillMotocross.apk
2015-11-25 21:52:02.548 INFO  o.d.extract_apks_tool.TopApksPathsFile   Processsing path no.  574 out of 1978 ( 29.02%): /jacobs/APKs/co/com./com.ther/com.therisgames.fs2014.free/3.0/com.therisgames.fs2014.free.apk
2015-11-25 21:52:02.652 INFO  o.d.extract_apks_tool.TopApksPathsFile   Processsing path no.  594 out of 1978 ( 30.03%): /jacobs/APKs/co/com./com.seri/com.seriouscorp.clumsybird/1.1/com.seriouscorp.clumsybird.apk
2015-11-25 21:52:02.727 INFO  o.d.extract_apks_tool.TopApksPathsFile   Processsing path no.  614 out of 1978 ( 31.04%): /jacobs/APKs/co/com./com.srbd/com.srbd.ml2fdt.vr.environment/1.0/com.srbd.ml2fdt.vr.environment.apk
2015-11-25 21:52:02.793 INFO  o.d.extract_apks_tool.TopApksPathsFile   Processsing path no.  633 out of 1978 ( 32.00%): /jacobs/APKs/co/com./com.mobi/com.mobilerise.weather.clock.free/1.4.6/com.mobilerise.weather.clock.free.apk
2015-11-25 21:52:02.867 INFO  o.d.extract_apks_tool.TopApksPathsFile   Processsing path no.  653 out of 1978 ( 33.01%): /jacobs/APKs/co/com./com.nekk/com.nekki.shadowfight/1.4.2/com.nekki.shadowfight.apk
2015-11-25 21:52:02.948 INFO  o.d.extract_apks_tool.TopApksPathsFile   Processsing path no.  673 out of 1978 ( 34.02%): /jacobs/APKs/co/com./com.kara/com.karatdev.drawingdisney/1.0/com.karatdev.drawingdisney.apk
2015-11-25 21:52:03.027 INFO  o.d.extract_apks_tool.TopApksPathsFile   Processsing path no.  693 out of 1978 ( 35.04%): /jacobs/APKs/co/com./com.kilo/com.kiloo.subwaysurf/1.17.1/com.kiloo.subwaysurf.apk
2015-11-25 21:52:03.101 INFO  o.d.extract_apks_tool.TopApksPathsFile   Processsing path no.  713 out of 1978 ( 36.05%): /jacobs/APKs/co/com./com.supe/com.supercell.clashofclans/6.253.5/com.supercell.clashofclans.apk
2015-11-25 21:52:03.170 INFO  o.d.extract_apks_tool.TopApksPathsFile   Processsing path no.  732 out of 1978 ( 37.01%): /jacobs/APKs/co/com./com.clea/com.cleanmaster.mguard/5.8.0/com.cleanmaster.mguard.apk
2015-11-25 21:52:03.239 INFO  o.d.extract_apks_tool.TopApksPathsFile   Processsing path no.  752 out of 1978 ( 38.02%): /jacobs/APKs/co/com./com.clea/com.cleanmaster.security/1.0.1/com.cleanmaster.security.apk
2015-11-25 21:52:03.310 INFO  o.d.extract_apks_tool.TopApksPathsFile   Processsing path no.  772 out of 1978 ( 39.03%): /jacobs/APKs/co/com./com.derd/com.derdummentest.com.dummentest.dumm/1.5/com.derdummentest.com.dummentest.dumm.apk
2015-11-25 21:52:03.381 INFO  o.d.extract_apks_tool.TopApksPathsFile   Processsing path no.  792 out of 1978 ( 40.04%): /jacobs/APKs/co/com./com.game/com.games.spongebobcamera/1.0/com.games.spongebobcamera.apk
2015-11-25 21:52:03.447 INFO  o.d.extract_apks_tool.TopApksPathsFile   Processsing path no.  811 out of 1978 ( 41.00%): /jacobs/APKs/co/com./com.game/com.gamestar.perfectpiano/6.1.9/com.gamestar.perfectpiano.apk
2015-11-25 21:52:03.522 INFO  o.d.extract_apks_tool.TopApksPathsFile   Processsing path no.  831 out of 1978 ( 42.01%): /jacobs/APKs/co/com./com.zing/com.zingglobal.riseofthestikeez/1.2.1/com.zingglobal.riseofthestikeez.apk
2015-11-25 21:52:03.599 INFO  o.d.extract_apks_tool.TopApksPathsFile   Processsing path no.  851 out of 1978 ( 43.02%): /jacobs/APKs/co/com./com.roid/com.roidapp.photogrid.plugin.stickers.mothersday/1.01/com.roidapp.photogrid.plugin.stickers.mothersday.apk
2015-11-25 21:52:03.691 INFO  o.d.extract_apks_tool.TopApksPathsFile   Processsing path no.  871 out of 1978 ( 44.03%): /jacobs/APKs/co/com./com.mrfl/com.mrflap/1.0.6/com.mrflap.apk
2015-11-25 21:52:03.816 INFO  o.d.extract_apks_tool.TopApksPathsFile   Processsing path no.  891 out of 1978 ( 45.05%): /jacobs/APKs/co/com./com.kncw/com.kncwallet.wallet/0.9.3/com.kncwallet.wallet.apk
2015-11-25 21:52:03.956 INFO  o.d.extract_apks_tool.TopApksPathsFile   Processsing path no.  910 out of 1978 ( 46.01%): /jacobs/APKs/co/com./com.appt/com.apptornado.word/1.2/com.apptornado.word.apk
2015-11-25 21:52:04.043 INFO  o.d.extract_apks_tool.TopApksPathsFile   Processsing path no.  930 out of 1978 ( 47.02%): /jacobs/APKs/co/com./com.wizi/com.wiziapp.app_02084c596d4a05847a1146780340e224/Revision 25/com.wiziapp.app_02084c596d4a05847a1146780340e224.apk
2015-11-25 21:52:04.139 INFO  o.d.extract_apks_tool.TopApksPathsFile   Processsing path no.  950 out of 1978 ( 48.03%): /jacobs/APKs/co/com./com.jalv/com.jalvasco.football.worldcup/2.2.2/com.jalvasco.football.worldcup.apk
2015-11-25 21:52:04.227 INFO  o.d.extract_apks_tool.TopApksPathsFile   Processsing path no.  970 out of 1978 ( 49.04%): /jacobs/APKs/co/com./com.pics/com.picsart.studio/4.1.0/com.picsart.studio.apk
2015-11-25 21:52:04.306 INFO  o.d.extract_apks_tool.TopApksPathsFile   Processsing path no.  989 out of 1978 ( 50.00%): /jacobs/APKs/co/com./com.ubis/com.ubisoft.watchdogs.ctos/1.0.2/com.ubisoft.watchdogs.ctos.apk
2015-11-25 21:52:04.433 INFO  o.d.extract_apks_tool.TopApksPathsFile   Processsing path no. 1009 out of 1978 ( 51.01%): /jacobs/APKs/co/com./com.pros/com.prosiebengames.goalone.android/17.0/com.prosiebengames.goalone.android.apk
2015-11-25 21:52:04.536 INFO  o.d.extract_apks_tool.TopApksPathsFile   Processsing path no. 1029 out of 1978 ( 52.02%): /jacobs/APKs/co/com./com.pomp/com.pompeiicity.funpic/SIDECOOLAR 1.3.4/com.pompeiicity.funpic.apk
2015-11-25 21:52:04.685 INFO  o.d.extract_apks_tool.TopApksPathsFile   Processsing path no. 1049 out of 1978 ( 53.03%): /jacobs/APKs/co/com./com.face/com.facebook.orca/9.0.0.15.17/com.facebook.orca.apk
2015-11-25 21:52:04.754 INFO  o.d.extract_apks_tool.TopApksPathsFile   Processsing path no. 1069 out of 1978 ( 54.04%): /jacobs/APKs/co/com./com.face/com.facebook.katana/10.0.0.28.27/com.facebook.katana.apk
2015-11-25 21:52:04.827 INFO  o.d.extract_apks_tool.TopApksPathsFile   Processsing path no. 1088 out of 1978 ( 55.01%): /jacobs/APKs/co/com./com.appm/com.appmachine.p7101DG/1.1.0.0/com.appmachine.p7101DG.apk
2015-11-25 21:52:04.906 INFO  o.d.extract_apks_tool.TopApksPathsFile   Processsing path no. 1108 out of 1978 ( 56.02%): /jacobs/APKs/co/com./com.mobo/com.mobo.video.player.prou/3.0/com.mobo.video.player.prou.apk
2015-11-25 21:52:04.979 INFO  o.d.extract_apks_tool.TopApksPathsFile   Processsing path no. 1128 out of 1978 ( 57.03%): /jacobs/APKs/co/com./com.akaz/com.akazoo.music/1.99.36697/com.akazoo.music.apk
2015-11-25 21:52:05.051 INFO  o.d.extract_apks_tool.TopApksPathsFile   Processsing path no. 1148 out of 1978 ( 58.04%): /jacobs/APKs/co/com./com.wond/com.wonderful.photolabretro/1.2.2/com.wonderful.photolabretro.apk
2015-11-25 21:52:05.123 INFO  o.d.extract_apks_tool.TopApksPathsFile   Processsing path no. 1168 out of 1978 ( 59.05%): /jacobs/APKs/co/com./com.Tobi/com.Tobit.android.Slitte6494029771/2.754/com.Tobit.android.Slitte6494029771.apk
2015-11-25 21:52:05.196 INFO  o.d.extract_apks_tool.TopApksPathsFile   Processsing path no. 1187 out of 1978 ( 60.01%): /jacobs/APKs/co/com./com.loon/com.loonerz.clashofclanswallpaper/1.0/com.loonerz.clashofclanswallpaper.apk
2015-11-25 21:52:05.272 INFO  o.d.extract_apks_tool.TopApksPathsFile   Processsing path no. 1207 out of 1978 ( 61.02%): /jacobs/APKs/co/com./com.five/com.fivestargames.slots/1.05/com.fivestargames.slots.apk
2015-11-25 21:52:05.350 INFO  o.d.extract_apks_tool.TopApksPathsFile   Processsing path no. 1227 out of 1978 ( 62.03%): /jacobs/APKs/co/com./com.azk./com.azk.dwnl/1.0/com.azk.dwnl.apk
2015-11-25 21:52:05.432 INFO  o.d.extract_apks_tool.TopApksPathsFile   Processsing path no. 1247 out of 1978 ( 63.04%): /jacobs/APKs/co/com./com.soft/com.softwego.humansounds/1.1/com.softwego.humansounds.apk
2015-11-25 21:52:05.503 INFO  o.d.extract_apks_tool.TopApksPathsFile   Processsing path no. 1266 out of 1978 ( 64.00%): /jacobs/APKs/co/com./com.soch/com.sochi2014.results/1.1.28/com.sochi2014.results.apk
2015-11-25 21:52:05.576 INFO  o.d.extract_apks_tool.TopApksPathsFile   Processsing path no. 1286 out of 1978 ( 65.02%): /jacobs/APKs/co/com./com.kend/com.kendowong.lcatalog2014/1.0/com.kendowong.lcatalog2014.apk
2015-11-25 21:52:05.650 INFO  o.d.extract_apks_tool.TopApksPathsFile   Processsing path no. 1306 out of 1978 ( 66.03%): /jacobs/APKs/co/com./com.tfsa/com.tfsapps.playtube6/1.25/com.tfsapps.playtube6.apk
2015-11-25 21:52:05.783 INFO  o.d.extract_apks_tool.TopApksPathsFile   Processsing path no. 1326 out of 1978 ( 67.04%): /jacobs/APKs/co/com./com.vg.S/com.vg.SchoolBusExtended/1.1/com.vg.SchoolBusExtended.apk
2015-11-25 21:52:05.917 INFO  o.d.extract_apks_tool.TopApksPathsFile   Processsing path no. 1346 out of 1978 ( 68.05%): /jacobs/APKs/co/com./com.king/com.king.candycrushsaga/1.28.0/com.king.candycrushsaga.apk
2015-11-25 21:52:06.054 INFO  o.d.extract_apks_tool.TopApksPathsFile   Processsing path no. 1365 out of 1978 ( 69.01%): /jacobs/APKs/co/com./com.crea/com.creativemobile.nno/3.1.3/com.creativemobile.nno.apk
2015-11-25 21:52:06.169 INFO  o.d.extract_apks_tool.TopApksPathsFile   Processsing path no. 1385 out of 1978 ( 70.02%): /jacobs/APKs/co/com./com.babb/com.babbel.mobile.android.en/4.3.1/com.babbel.mobile.android.en.apk
2015-11-25 21:52:06.277 INFO  o.d.extract_apks_tool.TopApksPathsFile   Processsing path no. 1405 out of 1978 ( 71.03%): /jacobs/APKs/co/com./com.netb/com.netbiscuits.kicker/3.0.3/com.netbiscuits.kicker.apk
2015-11-25 21:52:06.375 INFO  o.d.extract_apks_tool.TopApksPathsFile   Processsing path no. 1425 out of 1978 ( 72.04%): /jacobs/APKs/co/com./com.yes./com.yes.game.mobile.boxing.game/2.0/com.yes.game.mobile.boxing.game.apk
2015-11-25 21:52:06.483 INFO  o.d.extract_apks_tool.TopApksPathsFile   Processsing path no. 1444 out of 1978 ( 73.00%): /jacobs/APKs/co/com./com.mtn./com.mtn.liker/2.0/com.mtn.liker.apk
2015-11-25 21:52:06.595 INFO  o.d.extract_apks_tool.TopApksPathsFile   Processsing path no. 1464 out of 1978 ( 74.01%): /jacobs/APKs/co/com./com.g667/com.g6677.android.ledoctor/1.0.0/com.g6677.android.ledoctor.apk
2015-11-25 21:52:06.683 INFO  o.d.extract_apks_tool.TopApksPathsFile   Processsing path no. 1484 out of 1978 ( 75.03%): /jacobs/APKs/co/com./com.fido/com.fidor.geldnotruf/1.0/com.fidor.geldnotruf.apk
2015-11-25 21:52:06.758 INFO  o.d.extract_apks_tool.TopApksPathsFile   Processsing path no. 1504 out of 1978 ( 76.04%): /jacobs/APKs/co/com./com.cfk./com.cfk.fingerdancing/1.1/com.cfk.fingerdancing.apk
2015-11-25 21:52:06.835 INFO  o.d.extract_apks_tool.TopApksPathsFile   Processsing path no. 1524 out of 1978 ( 77.05%): /jacobs/APKs/co/com./com.zent/com.zentertain.photocollage2/1.4/com.zentertain.photocollage2.apk
2015-11-25 21:52:06.905 INFO  o.d.extract_apks_tool.TopApksPathsFile   Processsing path no. 1543 out of 1978 ( 78.01%): /jacobs/APKs/co/com./com.mxte/com.mxtech.videoplayer.ad/1.7.23/com.mxtech.videoplayer.ad.apk
2015-11-25 21:52:06.978 INFO  o.d.extract_apks_tool.TopApksPathsFile   Processsing path no. 1563 out of 1978 ( 79.02%): /jacobs/APKs/co/com./com.gau./com.gau.go.launcher.lwp.honeycomb/1.1/com.gau.go.launcher.lwp.honeycomb.apk
2015-11-25 21:52:07.054 INFO  o.d.extract_apks_tool.TopApksPathsFile   Processsing path no. 1583 out of 1978 ( 80.03%): /jacobs/APKs/co/com./com.open/com.opengarden.firechat/1.0.3/com.opengarden.firechat.apk
2015-11-25 21:52:07.122 INFO  o.d.extract_apks_tool.TopApksPathsFile   Processsing path no. 1603 out of 1978 ( 81.04%): /jacobs/APKs/co/com./com.fing/com.fingersoft.hillclimb/1.16.0/com.fingersoft.hillclimb.apk
2015-11-25 21:52:07.203 INFO  o.d.extract_apks_tool.TopApksPathsFile   Processsing path no. 1622 out of 1978 ( 82.00%): /jacobs/APKs/co/com./com.tocc/com.toccata.technologies.general.ZombieShoot01/1.0.1/com.toccata.technologies.general.ZombieShoot01.apk
2015-11-25 21:52:07.287 INFO  o.d.extract_apks_tool.TopApksPathsFile   Processsing path no. 1642 out of 1978 ( 83.01%): /jacobs/APKs/ai/air./air.org./air.org.axisentertainment.BabyHazelEarthDay/1/air.org.axisentertainment.BabyHazelEarthDay.apk
2015-11-25 21:52:07.371 INFO  o.d.extract_apks_tool.TopApksPathsFile   Processsing path no. 1662 out of 1978 ( 84.02%): /jacobs/APKs/ai/air./air.com./air.com.demute.TaoMix/1.1.13/air.com.demute.TaoMix.apk
2015-11-25 21:52:07.443 INFO  o.d.extract_apks_tool.TopApksPathsFile   Processsing path no. 1682 out of 1978 ( 85.04%): /jacobs/APKs/at/at.a/at.apa.p/at.apa.pdfwlclient.mainpost/4.1.1/at.apa.pdfwlclient.mainpost.apk
2015-11-25 21:52:07.517 INFO  o.d.extract_apks_tool.TopApksPathsFile   Processsing path no. 1702 out of 1978 ( 86.05%): /jacobs/APKs/de/de.m/de.maedc/de.maedchenflohmarkt.shopping/1.3.4/de.maedchenflohmarkt.shopping.apk
2015-11-25 21:52:07.585 INFO  o.d.extract_apks_tool.TopApksPathsFile   Processsing path no. 1721 out of 1978 ( 87.01%): /jacobs/APKs/de/de.l/de.lotum/de.lotum.whatsinthefoto.de/2.5.1/de.lotum.whatsinthefoto.de.apk
2015-11-25 21:52:07.721 INFO  o.d.extract_apks_tool.TopApksPathsFile   Processsing path no. 1741 out of 1978 ( 88.02%): /jacobs/APKs/de/de.o/de.onlin/de.onlineshop.seventyseven.android/1.0/de.onlineshop.seventyseven.android.apk
2015-11-25 21:52:07.846 INFO  o.d.extract_apks_tool.TopApksPathsFile   Processsing path no. 1761 out of 1978 ( 89.03%): /jacobs/APKs/de/de.c/de.comve/de.comvel.mobile.wde/0.92/de.comvel.mobile.wde.apk
2015-11-25 21:52:07.954 INFO  o.d.extract_apks_tool.TopApksPathsFile   Processsing path no. 1781 out of 1978 ( 90.04%): /jacobs/APKs/de/de.q/de.qvc/de.qvc/1.0.0/de.qvc.apk
2015-11-25 21:52:08.092 INFO  o.d.extract_apks_tool.TopApksPathsFile   Processsing path no. 1800 out of 1978 ( 91.00%): /jacobs/APKs/de/de.b/de.bytew/de.bytewerk.stadtlandfluss/1.5/de.bytewerk.stadtlandfluss.apk
2015-11-25 21:52:08.220 INFO  o.d.extract_apks_tool.TopApksPathsFile   Processsing path no. 1820 out of 1978 ( 92.01%): /jacobs/APKs/de/de.s/de.socia/de.socialsweethearts.characterquiz/1.0/de.socialsweethearts.characterquiz.apk
2015-11-25 21:52:08.328 INFO  o.d.extract_apks_tool.TopApksPathsFile   Processsing path no. 1840 out of 1978 ( 93.02%): /jacobs/APKs/de/de.a/de.appsi/de.appsistance.abfragerapp/1.0.3/de.appsistance.abfragerapp.apk
2015-11-25 21:52:08.453 INFO  o.d.extract_apks_tool.TopApksPathsFile   Processsing path no. 1860 out of 1978 ( 94.03%): /jacobs/APKs/de/deat/death.an/death.anime/1.0/death.anime.apk
2015-11-25 21:52:08.764 INFO  o.d.extract_apks_tool.TopApksPathsFile   Processsing path no. 1880 out of 1978 ( 95.05%): /jacobs/APKs/de/de.t/de.telek/de.telekom.basketball/1.0/de.telekom.basketball.apk
2015-11-25 21:52:08.839 INFO  o.d.extract_apks_tool.TopApksPathsFile   Processsing path no. 1899 out of 1978 ( 96.01%): /jacobs/APKs/it/it.j/it.jungl/it.junglestudios.splashyfish/1.5/it.junglestudios.splashyfish.apk
2015-11-25 21:52:08.912 INFO  o.d.extract_apks_tool.TopApksPathsFile   Processsing path no. 1919 out of 1978 ( 97.02%): /jacobs/APKs/or/org./org.wiki/org.wikipedia/2.0/org.wikipedia.apk
2015-11-25 21:52:08.984 INFO  o.d.extract_apks_tool.TopApksPathsFile   Processsing path no. 1939 out of 1978 ( 98.03%): /jacobs/APKs/mo/mobi/mobi.inf/mobi.infolife.ezweather.widget.moto360/1.0/mobi.infolife.ezweather.widget.moto360.apk
2015-11-25 21:52:09.061 INFO  o.d.extract_apks_tool.TopApksPathsFile   Processsing path no. 1959 out of 1978 ( 99.04%): /jacobs/APKs/jp/jp.s/jp.smart/jp.smarteducation.drumnbass/1.04/jp.smarteducation.drumnbass.apk
2015-11-25 21:52:09.136 INFO  o.d.extract_apks_tool.TopApksPathsFile   Processsing path no. 1978 out of 1978 (100.00%): /jacobs/APKs/gr/gril/grill.re/grill.rezepte.bbq/1.0.1/grill.rezepte.bbq.apk
2015-11-25 21:52:09.140 INFO  o.d.extract_apks_tool.TopApksPathsFile   All apks path processed.
2015-11-25 21:52:09.978 INFO  o.d.e.TopApksPerCategoryFile             Bounds of the considered date range: 
2015-11-25 21:52:09.979 INFO  o.d.e.TopApksPerCategoryFile             # minDate: 2014-01-22 (inferred from apk metadata) 
# maxDate: 2015-05-26 (inferred from apk metadata) 
2015-11-25 21:52:10.043 INFO  o.d.e.TopApksPerCategoryFile             Written out to file ./apks_perCategory1_inTop1_minDatenull_maxDatenull.txt
2015-11-25 21:52:10.043 INFO  o.d.e.ExtractApksToolMain                extract-apks-tool finished running successfully.
