2015-11-25 21:58:37.277 INFO  o.d.e.ExtractApksToolMain                Running with Configuration{perCategory=20, top=[20], maxDate=null, minDate=null, copy=false}
2015-11-25 21:58:37.431 INFO  o.d.extract_apks_tool.TopApksPathsFile   Processing apks paths. Paths to process: 27937
2015-11-25 21:58:39.436 INFO  o.d.extract_apks_tool.TopApksPathsFile   Processsing path no.   280 out of 27937 (  1.00%): /jacobs/APKs/me/medi/media.vi/media.videoplayer.lite/1.0.0/media.videoplayer.lite.apk
2015-11-25 21:58:40.853 INFO  o.d.extract_apks_tool.TopApksPathsFile   Processsing path no.   559 out of 27937 (  2.00%): /jacobs/APKs/us/us.k/us.kr.st/us.kr.stylishsprint2/3.0.0/us.kr.stylishsprint2.apk
2015-11-25 21:58:42.407 INFO  o.d.extract_apks_tool.TopApksPathsFile   Processsing path no.   839 out of 27937 (  3.00%): /jacobs/APKs/mp/mp3./mp3.down/mp3.downloader.mp3musicdownload.ag.musicdownload/1.0.2/mp3.downloader.mp3musicdownload.ag.musicdownload.apk
2015-11-25 21:58:43.861 INFO  o.d.extract_apks_tool.TopApksPathsFile   Processsing path no.  1118 out of 27937 (  4.00%): /jacobs/APKs/tv/tv.d/tv.daily/tv.dailyme.android/14.01.04/tv.dailyme.android.apk
2015-11-25 21:58:45.300 INFO  o.d.extract_apks_tool.TopApksPathsFile   Processsing path no.  1397 out of 27937 (  5.00%): /jacobs/APKs/ap/appi/appinven/appinventor.ai_albrtinho.Stradivarius/1.0/appinventor.ai_albrtinho.Stradivarius.apk
2015-11-25 21:58:46.432 INFO  o.d.extract_apks_tool.TopApksPathsFile   Processsing path no.  1677 out of 27937 (  6.00%): /jacobs/APKs/ne/net./net.eaus/net.eaustria.icd10.new/1.0/net.eaustria.icd10.new.apk
2015-11-25 21:58:47.854 INFO  o.d.extract_apks_tool.TopApksPathsFile   Processsing path no.  1956 out of 27937 (  7.00%): /jacobs/APKs/ne/net./net.hand/net.handicrafter.games.fom/1.0.2/net.handicrafter.games.fom.apk
2015-11-25 21:58:49.054 INFO  o.d.extract_apks_tool.TopApksPathsFile   Processsing path no.  2235 out of 27937 (  8.00%): /jacobs/APKs/co/com./com.bado/com.badoo.mobile/2.38.0/com.badoo.mobile.apk
2015-11-25 21:58:50.172 INFO  o.d.extract_apks_tool.TopApksPathsFile   Processsing path no.  2515 out of 27937 (  9.00%): /jacobs/APKs/co/com./com.flat/com.flatlyapps.budget3/1.2.8/com.flatlyapps.budget3.apk
2015-11-25 21:58:51.518 INFO  o.d.extract_apks_tool.TopApksPathsFile   Processsing path no.  2794 out of 27937 ( 10.00%): /jacobs/APKs/co/com./com.droi/com.droidhen.game.poker/1.6.2/com.droidhen.game.poker.apk
2015-11-25 21:58:51.636 DEBUG org.droidmate.extract_apks_tool.Apk      ! Missing versionCode in /jacobs/APKs/co/com./com.caow/com.caowen.doodlestyle/1.0/details.json. Using instead majorVersionNumber of 1
2015-11-25 21:58:52.481 INFO  o.d.extract_apks_tool.TopApksPathsFile   Processsing path no.  3074 out of 27937 ( 11.00%): /jacobs/APKs/co/com./com.fitn/com.fitnesskeeper.runkeeper.pro/4.8.2/com.fitnesskeeper.runkeeper.pro.apk
2015-11-25 21:58:53.790 INFO  o.d.extract_apks_tool.TopApksPathsFile   Processsing path no.  3353 out of 27937 ( 12.00%): /jacobs/APKs/co/com./com.outf/com.outfit7.talkingtom/2.5/com.outfit7.talkingtom.apk
2015-11-25 21:58:54.775 INFO  o.d.extract_apks_tool.TopApksPathsFile   Processsing path no.  3632 out of 27937 ( 13.00%): /jacobs/APKs/co/com./com.sunr/com.sunraygames.md3mpfree/1.0.2/com.sunraygames.md3mpfree.apk
2015-11-25 21:58:56.155 INFO  o.d.extract_apks_tool.TopApksPathsFile   Processsing path no.  3912 out of 27937 ( 14.00%): /jacobs/APKs/co/com./com.scoo/com.scoompa.collagemaker/3.0/com.scoompa.collagemaker.apk
2015-11-25 21:58:57.500 INFO  o.d.extract_apks_tool.TopApksPathsFile   Processsing path no.  4191 out of 27937 ( 15.00%): /jacobs/APKs/co/com./com.Purp/com.PurpleMartin.PhotoBlenderEffect/1.0/com.PurpleMartin.PhotoBlenderEffect.apk
2015-11-25 21:58:58.481 INFO  o.d.extract_apks_tool.TopApksPathsFile   Processsing path no.  4470 out of 27937 ( 16.00%): /jacobs/APKs/co/com./com.fort/com.fortysevendeg.scala.android/1.0/com.fortysevendeg.scala.android.apk
2015-11-25 21:58:59.749 INFO  o.d.extract_apks_tool.TopApksPathsFile   Processsing path no.  4750 out of 27937 ( 17.00%): /jacobs/APKs/co/com./com.vide/com.videozone.homeexerciseswomen/1.0.6/com.videozone.homeexerciseswomen.apk
2015-11-25 21:59:00.694 INFO  o.d.extract_apks_tool.TopApksPathsFile   Processsing path no.  5029 out of 27937 ( 18.00%): /jacobs/APKs/co/com./com.YOZH/com.YOZHStudio.FishingTwo/1.0.4/com.YOZHStudio.FishingTwo.apk
2015-11-25 21:59:01.923 INFO  o.d.extract_apks_tool.TopApksPathsFile   Processsing path no.  5309 out of 27937 ( 19.00%): /jacobs/APKs/co/com./com.cros/com.crossincludetight.airplane/1.0/com.crossincludetight.airplane.apk
2015-11-25 21:59:03.020 INFO  o.d.extract_apks_tool.TopApksPathsFile   Processsing path no.  5588 out of 27937 ( 20.00%): /jacobs/APKs/co/com./com.mozg/com.mozgame.bubblejourney/1.0.3/com.mozgame.bubblejourney.apk
2015-11-25 21:59:04.160 INFO  o.d.extract_apks_tool.TopApksPathsFile   Processsing path no.  5867 out of 27937 ( 21.00%): /jacobs/APKs/co/com./com.andr/com.androbros.wortsuchedeutsch/1.5/com.androbros.wortsuchedeutsch.apk
2015-11-25 21:59:05.348 INFO  o.d.extract_apks_tool.TopApksPathsFile   Processsing path no.  6147 out of 27937 ( 22.00%): /jacobs/APKs/co/com./com.nfon/com.nfonix.congressapp.dgn/1.0.3/com.nfonix.congressapp.dgn.apk
2015-11-25 21:59:06.325 INFO  o.d.extract_apks_tool.TopApksPathsFile   Processsing path no.  6426 out of 27937 ( 23.00%): /jacobs/APKs/co/com./com.cybe/com.cyberscene.whatsapponlinehide/1.9.0/com.cyberscene.whatsapponlinehide.apk
2015-11-25 21:59:07.797 INFO  o.d.extract_apks_tool.TopApksPathsFile   Processsing path no.  6705 out of 27937 ( 24.00%): /jacobs/APKs/co/com./com.unit/com.unity.freeride/1.2/com.unity.freeride.apk
2015-11-25 21:59:08.709 INFO  o.d.extract_apks_tool.TopApksPathsFile   Processsing path no.  6985 out of 27937 ( 25.00%): /jacobs/APKs/co/com./com.cute/com.cutecat2.wpfree/5.0/com.cutecat2.wpfree.apk
2015-11-25 21:59:10.049 INFO  o.d.extract_apks_tool.TopApksPathsFile   Processsing path no.  7264 out of 27937 ( 26.00%): /jacobs/APKs/co/com./com.goog/com.googame.fifa.online3d/9.0/com.googame.fifa.online3d.apk
2015-11-25 21:59:11.112 INFO  o.d.extract_apks_tool.TopApksPathsFile   Processsing path no.  7543 out of 27937 ( 27.00%): /jacobs/APKs/co/com./com.rock/com.rockapps.fbvideo.chat/1.5/com.rockapps.fbvideo.chat.apk
2015-11-25 21:59:12.251 INFO  o.d.extract_apks_tool.TopApksPathsFile   Processsing path no.  7823 out of 27937 ( 28.00%): /jacobs/APKs/co/com./com.devu/com.devuni.flashlight.screenclassic/1.3/com.devuni.flashlight.screenclassic.apk
2015-11-25 21:59:13.615 INFO  o.d.extract_apks_tool.TopApksPathsFile   Processsing path no.  8102 out of 27937 ( 29.00%): /jacobs/APKs/co/com./com.magi/com.magic.studio.london/1.2/com.magic.studio.london.apk
2015-11-25 21:59:14.538 INFO  o.d.extract_apks_tool.TopApksPathsFile   Processsing path no.  8382 out of 27937 ( 30.00%): /jacobs/APKs/co/com./com.ea.g/com.ea.game.titanfall_row/1.0.0/com.ea.game.titanfall_row.apk
2015-11-25 21:59:15.824 INFO  o.d.extract_apks_tool.TopApksPathsFile   Processsing path no.  8661 out of 27937 ( 31.00%): /jacobs/APKs/co/com./com.funn/com.funnyappsdev.juegosdebarbie/1.0/com.funnyappsdev.juegosdebarbie.apk
2015-11-25 21:59:16.955 INFO  o.d.extract_apks_tool.TopApksPathsFile   Processsing path no.  8940 out of 27937 ( 32.00%): /jacobs/APKs/co/com./com.AllK/com.AllKPop/1.0.1/com.AllKPop.apk
2015-11-25 21:59:18.047 INFO  o.d.extract_apks_tool.TopApksPathsFile   Processsing path no.  9220 out of 27937 ( 33.00%): /jacobs/APKs/co/com./com.mobi/com.mobirix.checker/1.4/com.mobirix.checker.apk
2015-11-25 21:59:19.201 INFO  o.d.extract_apks_tool.TopApksPathsFile   Processsing path no.  9499 out of 27937 ( 34.00%): /jacobs/APKs/co/com./com.nekk/com.nekki.shadowfight/1.6.1/com.nekki.shadowfight.apk
2015-11-25 21:59:20.304 INFO  o.d.extract_apks_tool.TopApksPathsFile   Processsing path no.  9778 out of 27937 ( 35.00%): /jacobs/APKs/co/com./com.edji/com.edjing.edjingdjturntable/4.0.5/com.edjing.edjingdjturntable.apk
2015-11-25 21:59:21.543 INFO  o.d.extract_apks_tool.TopApksPathsFile   Processsing path no. 10058 out of 27937 ( 36.00%): /jacobs/APKs/co/com./com.apph/com.apphitnow.happybirthdaygeburtstag/1.0/com.apphitnow.happybirthdaygeburtstag.apk
2015-11-25 21:59:22.929 INFO  o.d.extract_apks_tool.TopApksPathsFile   Processsing path no. 10337 out of 27937 ( 37.00%): /jacobs/APKs/co/com./com.supe/com.superjewelx.game.DiamondGame/1.0/com.superjewelx.game.DiamondGame.apk
2015-11-25 21:59:23.904 INFO  o.d.extract_apks_tool.TopApksPathsFile   Processsing path no. 10617 out of 27937 ( 38.00%): /jacobs/APKs/co/com./com.free/com.freereference.weight_loss_tracker/2.122/com.freereference.weight_loss_tracker.apk
2015-11-25 21:59:25.045 INFO  o.d.extract_apks_tool.TopApksPathsFile   Processsing path no. 10896 out of 27937 ( 39.00%): /jacobs/APKs/co/com./com.game/com.gamevil.oceantales.global/1.0.7/com.gamevil.oceantales.global.apk
2015-11-25 21:59:26.105 INFO  o.d.extract_apks_tool.TopApksPathsFile   Processsing path no. 11175 out of 27937 ( 40.00%): /jacobs/APKs/co/com./com.game/com.gameinsight.starbornwanderersandroid/1.4.17/com.gameinsight.starbornwanderersandroid.apk
2015-11-25 21:59:27.514 INFO  o.d.extract_apks_tool.TopApksPathsFile   Processsing path no. 11455 out of 27937 ( 41.00%): /jacobs/APKs/co/com./com.apps/com.appsmoment.kayoneansh/1.0/com.appsmoment.kayoneansh.apk
2015-11-25 21:59:28.586 INFO  o.d.extract_apks_tool.TopApksPathsFile   Processsing path no. 11734 out of 27937 ( 42.00%): /jacobs/APKs/co/com./com.ager/com.agerosoft.myidealweight/1.2/com.agerosoft.myidealweight.apk
2015-11-25 21:59:29.837 INFO  o.d.extract_apks_tool.TopApksPathsFile   Processsing path no. 12013 out of 27937 ( 43.00%): /jacobs/APKs/co/com./com.thin/com.thinxnet.native_tanktaler_android/2.1/com.thinxnet.native_tanktaler_android.apk
2015-11-25 21:59:30.791 INFO  o.d.extract_apks_tool.TopApksPathsFile   Processsing path no. 12293 out of 27937 ( 44.00%): /jacobs/APKs/co/com./com.kona/com.konamobile.bubbleislandadventure/9.0.1/com.konamobile.bubbleislandadventure.apk
2015-11-25 21:59:32.245 INFO  o.d.extract_apks_tool.TopApksPathsFile   Processsing path no. 12572 out of 27937 ( 45.00%): /jacobs/APKs/co/com./com.view/com.viewster.androidapp/4.0.5/com.viewster.androidapp.apk
2015-11-25 21:59:33.292 INFO  o.d.extract_apks_tool.TopApksPathsFile   Processsing path no. 12852 out of 27937 ( 46.00%): /jacobs/APKs/co/com./com.sgam/com.sgame.cks/1.1.1/com.sgame.cks.apk
2015-11-25 21:59:34.554 INFO  o.d.extract_apks_tool.TopApksPathsFile   Processsing path no. 13131 out of 27937 ( 47.00%): /jacobs/APKs/co/com./com.phot/com.photosuper.arteffects/1.0/com.photosuper.arteffects.apk
2015-11-25 21:59:35.448 INFO  o.d.extract_apks_tool.TopApksPathsFile   Processsing path no. 13410 out of 27937 ( 48.00%): /jacobs/APKs/co/com./com.pics/com.picsart.studio/4.6.12/com.picsart.studio.apk
2015-11-25 21:59:36.693 INFO  o.d.extract_apks_tool.TopApksPathsFile   Processsing path no. 13690 out of 27937 ( 49.00%): /jacobs/APKs/co/com./com.pros/com.prosiebengames.petsworld/2.0.1/com.prosiebengames.petsworld.apk
2015-11-25 21:59:37.621 INFO  o.d.extract_apks_tool.TopApksPathsFile   Processsing path no. 13969 out of 27937 ( 50.00%): /jacobs/APKs/co/com./com.mpd./com.mpd.md/1.0.1/com.mpd.md.apk
2015-11-25 21:59:38.873 INFO  o.d.extract_apks_tool.TopApksPathsFile   Processsing path no. 14248 out of 27937 ( 51.00%): /jacobs/APKs/co/com./com.alle/com.allesklar.lehrstellen/2.0.1.209735/com.allesklar.lehrstellen.apk
2015-11-25 21:59:39.969 INFO  o.d.extract_apks_tool.TopApksPathsFile   Processsing path no. 14528 out of 27937 ( 52.00%): /jacobs/APKs/co/com./com.ader/com.adermark.whiteforestfree/1.20/com.adermark.whiteforestfree.apk
2015-11-25 21:59:41.331 INFO  o.d.extract_apks_tool.TopApksPathsFile   Processsing path no. 14807 out of 27937 ( 53.00%): /jacobs/APKs/co/com./com.what/com.whatsbomber/1.1.2/com.whatsbomber.apk
2015-11-25 21:59:42.704 INFO  o.d.extract_apks_tool.TopApksPathsFile   Processsing path no. 15086 out of 27937 ( 54.00%): /jacobs/APKs/co/com./com.kaba/com.kabam.newcnhoc/3.3.1/com.kabam.newcnhoc.apk
2015-11-25 21:59:43.907 INFO  o.d.extract_apks_tool.TopApksPathsFile   Processsing path no. 15366 out of 27937 ( 55.00%): /jacobs/APKs/co/com./com.mad8/com.mad8studio.snowrider/1.0/com.mad8studio.snowrider.apk
2015-11-25 21:59:44.955 INFO  o.d.extract_apks_tool.TopApksPathsFile   Processsing path no. 15645 out of 27937 ( 56.00%): /jacobs/APKs/co/com./com.sayr/com.sayrex.wfw/1.0.7/com.sayrex.wfw.apk
2015-11-25 21:59:46.381 INFO  o.d.extract_apks_tool.TopApksPathsFile   Processsing path no. 15925 out of 27937 ( 57.00%): /jacobs/APKs/co/com./com.maki/com.makingfun.mageandminions/1.0.3/com.makingfun.mageandminions.apk
2015-11-25 21:59:47.336 INFO  o.d.extract_apks_tool.TopApksPathsFile   Processsing path no. 16204 out of 27937 ( 58.00%): /jacobs/APKs/co/com./com.Tobi/com.Tobit.android.Slitte6622804746/4.030/com.Tobit.android.Slitte6622804746.apk
2015-11-25 21:59:48.541 INFO  o.d.extract_apks_tool.TopApksPathsFile   Processsing path no. 16483 out of 27937 ( 59.00%): /jacobs/APKs/co/com./com.Tobi/com.Tobit.android.Slitte6622311882/3.213/com.Tobit.android.Slitte6622311882.apk
2015-11-25 21:59:49.922 INFO  o.d.extract_apks_tool.TopApksPathsFile   Processsing path no. 16763 out of 27937 ( 60.00%): /jacobs/APKs/co/com./com.east/com.easter.bestwallpapers/1.0/com.easter.bestwallpapers.apk
2015-11-25 21:59:51.081 INFO  o.d.extract_apks_tool.TopApksPathsFile   Processsing path no. 17042 out of 27937 ( 61.00%): /jacobs/APKs/co/com./com.stac/com.stackexchange.marvin/1.0.8/com.stackexchange.marvin.apk
2015-11-25 21:59:52.305 INFO  o.d.extract_apks_tool.TopApksPathsFile   Processsing path no. 17321 out of 27937 ( 62.00%): /jacobs/APKs/co/com./com.vent/com.venture.labs.shoot.crack.broken.screen.stress.relief.prank/1.3.0/com.venture.labs.shoot.crack.broken.screen.stress.relief.prank.apk
2015-11-25 21:59:53.331 INFO  o.d.extract_apks_tool.TopApksPathsFile   Processsing path no. 17601 out of 27937 ( 63.00%): /jacobs/APKs/co/com./com.appx/com.appxplore.mobfish/1.2.2/com.appxplore.mobfish.apk
2015-11-25 21:59:54.561 INFO  o.d.extract_apks_tool.TopApksPathsFile   Processsing path no. 17880 out of 27937 ( 64.00%): /jacobs/APKs/co/com./com.look/com.lookout/8.31-b7f1659/com.lookout.apk
2015-11-25 21:59:55.481 INFO  o.d.extract_apks_tool.TopApksPathsFile   Processsing path no. 18160 out of 27937 ( 65.00%): /jacobs/APKs/co/com./com.flas/com.flashplayer.flashplayer/1.1/com.flashplayer.flashplayer.apk
2015-11-25 21:59:56.726 INFO  o.d.extract_apks_tool.TopApksPathsFile   Processsing path no. 18439 out of 27937 ( 66.00%): /jacobs/APKs/co/com./com.tiny/com.tiny.virtualdjmxer/1.3/com.tiny.virtualdjmxer.apk
2015-11-25 21:59:57.620 INFO  o.d.extract_apks_tool.TopApksPathsFile   Processsing path no. 18718 out of 27937 ( 67.00%): /jacobs/APKs/co/com./com.snmc/com.snmcom.sardegnatraghetti/1.1/com.snmcom.sardegnatraghetti.apk
2015-11-25 21:59:58.886 INFO  o.d.extract_apks_tool.TopApksPathsFile   Processsing path no. 18998 out of 27937 ( 68.00%): /jacobs/APKs/co/com./com.fjso/com.fjsoft.myphoneexplorer.client/1.0.30/com.fjsoft.myphoneexplorer.client.apk
2015-11-25 21:59:59.891 INFO  o.d.extract_apks_tool.TopApksPathsFile   Processsing path no. 19277 out of 27937 ( 69.00%): /jacobs/APKs/co/com./com.dieg/com.diegoben.sailormooncoloring/1.0/com.diegoben.sailormooncoloring.apk
2015-11-25 22:00:01.084 INFO  o.d.extract_apks_tool.TopApksPathsFile   Processsing path no. 19556 out of 27937 ( 70.00%): /jacobs/APKs/co/com./com.smor/com.smorra.whatsappsmileys/2.5/com.smorra.whatsappsmileys.apk
2015-11-25 22:00:02.407 INFO  o.d.extract_apks_tool.TopApksPathsFile   Processsing path no. 19836 out of 27937 ( 71.00%): /jacobs/APKs/co/com./com.appa/com.apparsonsgames.trainsminecraft/1.0/com.apparsonsgames.trainsminecraft.apk
2015-11-25 22:00:03.513 INFO  o.d.extract_apks_tool.TopApksPathsFile   Processsing path no. 20115 out of 27937 ( 72.00%): /jacobs/APKs/co/com./com.ggam/com.ggam.legr/1.1.0/com.ggam.legr.apk
2015-11-25 22:00:04.853 INFO  o.d.extract_apks_tool.TopApksPathsFile   Processsing path no. 20395 out of 27937 ( 73.00%): /jacobs/APKs/co/com./com.wsl./com.wsl.noom/4.1.4/com.wsl.noom.apk
2015-11-25 22:00:05.995 INFO  o.d.extract_apks_tool.TopApksPathsFile   Processsing path no. 20674 out of 27937 ( 74.00%): /jacobs/APKs/co/com./com.arab/com.arabiait.quran.v2/1.0/com.arabiait.quran.v2.apk
2015-11-25 22:00:07.186 INFO  o.d.extract_apks_tool.TopApksPathsFile   Processsing path no. 20953 out of 27937 ( 75.00%): /jacobs/APKs/co/com./com.tapi/com.tapinator.boeing.cargoplane/1.0.1/com.tapinator.boeing.cargoplane.apk
2015-11-25 22:00:08.468 INFO  o.d.extract_apks_tool.TopApksPathsFile   Processsing path no. 21233 out of 27937 ( 76.00%): /jacobs/APKs/co/com./com.zent/com.zentertain.photocollage2/1.3/com.zentertain.photocollage2.apk
2015-11-25 22:00:09.465 INFO  o.d.extract_apks_tool.TopApksPathsFile   Processsing path no. 21512 out of 27937 ( 77.00%): /jacobs/APKs/co/com./com.Home/com.HomeNetGames.ZombieDefense/2.1/com.HomeNetGames.ZombieDefense.apk
2015-11-25 22:00:10.759 INFO  o.d.extract_apks_tool.TopApksPathsFile   Processsing path no. 21791 out of 27937 ( 78.00%): /jacobs/APKs/co/com./com.gau./com.gau.go.launcherex.theme.superconcise/1.0/com.gau.go.launcherex.theme.superconcise.apk
2015-11-25 22:00:11.794 INFO  o.d.extract_apks_tool.TopApksPathsFile   Processsing path no. 22071 out of 27937 ( 79.00%): /jacobs/APKs/co/com./com.Best/com.Best.Sniper.Crazy.newgames40171/1.0/com.Best.Sniper.Crazy.newgames40171.apk
2015-11-25 22:00:13.015 INFO  o.d.extract_apks_tool.TopApksPathsFile   Processsing path no. 22350 out of 27937 ( 80.00%): /jacobs/APKs/co/com./com.quoo/com.quoord.tapatalkpro.activity/4.7.3/com.quoord.tapatalkpro.activity.apk
2015-11-25 22:00:14.068 INFO  o.d.extract_apks_tool.TopApksPathsFile   Processsing path no. 22629 out of 27937 ( 81.00%): /jacobs/APKs/co/com./com.grea/com.greatglory.mariogtzewallpapers/1.0/com.greatglory.mariogtzewallpapers.apk
2015-11-25 22:00:15.233 INFO  o.d.extract_apks_tool.TopApksPathsFile   Processsing path no. 22909 out of 27937 ( 82.00%): /jacobs/APKs/sk/sk.m/sk.milde/sk.mildev84.agendareminder/4.09/sk.mildev84.agendareminder.apk
2015-11-25 22:00:16.443 INFO  o.d.extract_apks_tool.TopApksPathsFile   Processsing path no. 23188 out of 27937 ( 83.00%): /jacobs/APKs/to/tor./tor.mma./tor.mma.game.craft.mindcraft/1.0/tor.mma.game.craft.mindcraft.apk
2015-11-25 22:00:17.820 INFO  o.d.extract_apks_tool.TopApksPathsFile   Processsing path no. 23468 out of 27937 ( 84.00%): /jacobs/APKs/ai/air./air.Hidd/air.HiddenLinerFree/1.0.1/air.HiddenLinerFree.apk
2015-11-25 22:00:18.717 INFO  o.d.extract_apks_tool.TopApksPathsFile   Processsing path no. 23747 out of 27937 ( 85.00%): /jacobs/APKs/ai/air./air.com./air.com.feerik.fashionshow/1.2.0/air.com.feerik.fashionshow.apk
2015-11-25 22:00:19.992 INFO  o.d.extract_apks_tool.TopApksPathsFile   Processsing path no. 24026 out of 27937 ( 86.00%): /jacobs/APKs/ho/hoan/hoang.pl/hoang.plk.tidus.guitarheroes2/1.0.4/hoang.plk.tidus.guitarheroes2.apk
2015-11-25 22:00:21.159 INFO  o.d.extract_apks_tool.TopApksPathsFile   Processsing path no. 24306 out of 27937 ( 87.00%): /jacobs/APKs/de/de.m/de.meine/de.meinepilze.mp/V2.0.21/de.meinepilze.mp.apk
2015-11-25 22:00:22.274 INFO  o.d.extract_apks_tool.TopApksPathsFile   Processsing path no. 24585 out of 27937 ( 88.00%): /jacobs/APKs/de/de.l/de.lvm.a/de.lvm.app/1.0/de.lvm.app.apk
2015-11-25 22:00:23.549 INFO  o.d.extract_apks_tool.TopApksPathsFile   Processsing path no. 24864 out of 27937 ( 89.00%): /jacobs/APKs/de/de.c/de.cwcit/de.cwcity.futureapp.time_manager/1.0/de.cwcity.futureapp.time_manager.apk
2015-11-25 22:00:24.519 INFO  o.d.extract_apks_tool.TopApksPathsFile   Processsing path no. 25144 out of 27937 ( 90.00%): /jacobs/APKs/de/de.j/de.j4vel/de.j4velin.mapsmeasure/1.1.5/de.j4velin.mapsmeasure.apk
2015-11-25 22:00:25.790 INFO  o.d.extract_apks_tool.TopApksPathsFile   Processsing path no. 25423 out of 27937 ( 91.00%): /jacobs/APKs/de/de.s/de.schil/de.schildbach.oeffi/8.07/de.schildbach.oeffi.apk
2015-11-25 22:00:26.730 INFO  o.d.extract_apks_tool.TopApksPathsFile   Processsing path no. 25703 out of 27937 ( 92.00%): /jacobs/APKs/de/de.a/de.aedsi/de.aedsicad.aaaweb.client.mobile/1.0/de.aedsicad.aaaweb.client.mobile.apk
2015-11-25 22:00:28.113 INFO  o.d.extract_apks_tool.TopApksPathsFile   Processsing path no. 25982 out of 27937 ( 93.00%): /jacobs/APKs/de/de.e/de.erkol/de.erkol.mathelernen/2.1/de.erkol.mathelernen.apk
2015-11-25 22:00:29.530 INFO  o.d.extract_apks_tool.TopApksPathsFile   Processsing path no. 26261 out of 27937 ( 94.00%): /jacobs/APKs/de/de.t/de.tn_so/de.tn_software.nutritiondiary/15/de.tn_software.nutritiondiary.apk
2015-11-25 22:00:30.544 INFO  o.d.extract_apks_tool.TopApksPathsFile   Processsing path no. 26541 out of 27937 ( 95.00%): /jacobs/APKs/it/it.j/it.jungl/it.junglestudios.splashyfish/1.3/it.junglestudios.splashyfish.apk
2015-11-25 22:00:31.916 INFO  o.d.extract_apks_tool.TopApksPathsFile   Processsing path no. 26820 out of 27937 ( 96.00%): /jacobs/APKs/or/org./org.deve/org.deveci.engin.am/1.0/org.deveci.engin.am.apk
2015-11-25 22:00:32.939 INFO  o.d.extract_apks_tool.TopApksPathsFile   Processsing path no. 27099 out of 27937 ( 97.00%): /jacobs/APKs/po/pom1/pom12345/pom123457.app.dee/1.0/pom123457.app.dee.apk
2015-11-25 22:00:34.175 INFO  o.d.extract_apks_tool.TopApksPathsFile   Processsing path no. 27379 out of 27937 ( 98.00%): /jacobs/APKs/mo/momi/mominis./mominis.Generic_Android.Wonder_Cube/1.0.2/mominis.Generic_Android.Wonder_Cube.apk
2015-11-25 22:00:35.428 INFO  o.d.extract_apks_tool.TopApksPathsFile   Processsing path no. 27658 out of 27937 ( 99.00%): /jacobs/APKs/bl/blue/blue.tv./blue.tv.Sports/1.0/blue.tv.Sports.apk
2015-11-25 22:00:36.479 INFO  o.d.extract_apks_tool.TopApksPathsFile   Processsing path no. 27937 out of 27937 (100.00%): /jacobs/APKs/bm/bmx./bmx.boy./bmx.boy.pumped.bike.crazy.stickman.fingerbike.freestyle.free.game.live/1.0/bmx.boy.pumped.bike.crazy.stickman.fingerbike.freestyle.free.game.live.apk
2015-11-25 22:00:36.483 INFO  o.d.extract_apks_tool.TopApksPathsFile   All apks path processed.
2015-11-25 22:00:42.226 INFO  o.d.e.TopApksPerCategoryFile             Bounds of the considered date range: 
2015-11-25 22:00:42.227 INFO  o.d.e.TopApksPerCategoryFile             # minDate: 2014-01-22 (inferred from apk metadata) 
# maxDate: 2015-05-26 (inferred from apk metadata) 
2015-11-25 22:00:42.477 INFO  o.d.e.TopApksPerCategoryFile             Written out to file ./apks_perCategory20_inTop20_minDatenull_maxDatenull.txt
2015-11-25 22:00:42.478 INFO  o.d.e.ExtractApksToolMain                extract-apks-tool finished running successfully.
