2015-11-25 21:48:31.365 INFO  o.d.e.ExtractApksToolMain                Running with Configuration{perCategory=3, top=[3], maxDate=null, minDate=null, copy=false}
2015-11-25 21:48:31.457 INFO  o.d.extract_apks_tool.TopApksPathsFile   Processing apks paths. Paths to process: 5253
2015-11-25 21:48:32.050 INFO  o.d.extract_apks_tool.TopApksPathsFile   Processsing path no.   53 out of 5253 (  1.01%): /jacobs/APKs/ch/chri/chri.reg/chri.registro.spese.free/2.6/chri.registro.spese.free.apk
2015-11-25 21:48:32.351 INFO  o.d.extract_apks_tool.TopApksPathsFile   Processsing path no.  106 out of 5253 (  2.02%): /jacobs/APKs/us/us.b/us.brk.w/us.brk.wfhc/1.0/us.brk.wfhc.apk
2015-11-25 21:48:32.627 INFO  o.d.extract_apks_tool.TopApksPathsFile   Processsing path no.  158 out of 5253 (  3.01%): /jacobs/APKs/mp/mp3./mp3.cutt/mp3.cutter.ringtone.maker.trimmer/1.0.3/mp3.cutter.ringtone.maker.trimmer.apk
2015-11-25 21:48:32.872 INFO  o.d.extract_apks_tool.TopApksPathsFile   Processsing path no.  211 out of 5253 (  4.02%): /jacobs/APKs/se/se.f/se.feome/se.feomedia.quizkampen.de.lite/1.4.0/se.feomedia.quizkampen.de.lite.apk
2015-11-25 21:48:33.109 INFO  o.d.extract_apks_tool.TopApksPathsFile   Processsing path no.  263 out of 5253 (  5.01%): /jacobs/APKs/ap/apt./apt.firs/apt.first.xperience/1.0/apt.first.xperience.apk
2015-11-25 21:48:33.483 INFO  o.d.extract_apks_tool.TopApksPathsFile   Processsing path no.  316 out of 5253 (  6.02%): /jacobs/APKs/ne/net./net.foto/net.fotocommunity/1.0/net.fotocommunity.apk
2015-11-25 21:48:33.923 INFO  o.d.extract_apks_tool.TopApksPathsFile   Processsing path no.  368 out of 5253 (  7.01%): /jacobs/APKs/co/com./com.grue/com.gruebeltech.soundloader2/1.9.3/com.gruebeltech.soundloader2.apk
2015-11-25 21:48:34.214 INFO  o.d.extract_apks_tool.TopApksPathsFile   Processsing path no.  421 out of 5253 (  8.01%): /jacobs/APKs/co/com./com.jb.g/com.jb.gokeyboard.theme.wintergokeyboard.getjar/1.0/com.jb.gokeyboard.theme.wintergokeyboard.getjar.apk
2015-11-25 21:48:34.415 INFO  o.d.extract_apks_tool.TopApksPathsFile   Processsing path no.  473 out of 5253 (  9.00%): /jacobs/APKs/co/com./com.codi/com.codium.hydrocoach/1.0.57/com.codium.hydrocoach.apk
2015-11-25 21:48:34.473 DEBUG org.droidmate.extract_apks_tool.Apk      ! Missing versionCode in /jacobs/APKs/co/com./com.caow/com.caowen.doodlestyle/1.0/details.json. Using instead majorVersionNumber of 1
2015-11-25 21:48:34.625 INFO  o.d.extract_apks_tool.TopApksPathsFile   Processsing path no.  526 out of 5253 ( 10.01%): /jacobs/APKs/co/com./com.pv.w/com.pv.weather/2.1.7/com.pv.weather.apk
2015-11-25 21:48:34.821 INFO  o.d.extract_apks_tool.TopApksPathsFile   Processsing path no.  578 out of 5253 ( 11.00%): /jacobs/APKs/co/com./com.vg.M/com.vg.MonsterDashHillRacer/1.3/com.vg.MonsterDashHillRacer.apk
2015-11-25 21:48:35.016 INFO  o.d.extract_apks_tool.TopApksPathsFile   Processsing path no.  631 out of 5253 ( 12.01%): /jacobs/APKs/co/com./com.code/com.codebrew.lockl/2.1/com.codebrew.lockl.apk
2015-11-25 21:48:35.213 INFO  o.d.extract_apks_tool.TopApksPathsFile   Processsing path no.  683 out of 5253 ( 13.00%): /jacobs/APKs/co/com./com.cond/com.conduit.app_72c01defc1e54487adfba430f7050cfb.app/1.1.1.6/com.conduit.app_72c01defc1e54487adfba430f7050cfb.app.apk
2015-11-25 21:48:35.500 INFO  o.d.extract_apks_tool.TopApksPathsFile   Processsing path no.  736 out of 5253 ( 14.01%): /jacobs/APKs/co/com./com.step/com.stephany.sailormoonsailorstars/1.0/com.stephany.sailormoonsailorstars.apk
2015-11-25 21:48:35.829 INFO  o.d.extract_apks_tool.TopApksPathsFile   Processsing path no.  788 out of 5253 ( 15.00%): /jacobs/APKs/co/com./com.jose/com.josephmartell.coloringpagemonstergirlfree/1.0/com.josephmartell.coloringpagemonstergirlfree.apk
2015-11-25 21:48:36.119 INFO  o.d.extract_apks_tool.TopApksPathsFile   Processsing path no.  841 out of 5253 ( 16.01%): /jacobs/APKs/co/com./com.redb/com.redbull.wallpapers/1.1.0.0/com.redbull.wallpapers.apk
2015-11-25 21:48:36.329 INFO  o.d.extract_apks_tool.TopApksPathsFile   Processsing path no.  894 out of 5253 ( 17.02%): /jacobs/APKs/co/com./com.Cart/com.CartoonImage.DIY/1.0/com.CartoonImage.DIY.apk
2015-11-25 21:48:36.506 INFO  o.d.extract_apks_tool.TopApksPathsFile   Processsing path no.  946 out of 5253 ( 18.01%): /jacobs/APKs/co/com./com.epic/com.epic.launcher.tw/Beta5/com.epic.launcher.tw.apk
2015-11-25 21:48:36.689 INFO  o.d.extract_apks_tool.TopApksPathsFile   Processsing path no.  999 out of 5253 ( 19.02%): /jacobs/APKs/co/com./com.andr/com.androidstudy.tablet/1.000/com.androidstudy.tablet.apk
2015-11-25 21:48:36.871 INFO  o.d.extract_apks_tool.TopApksPathsFile   Processsing path no. 1051 out of 5253 ( 20.01%): /jacobs/APKs/co/com./com.gila/com.gilant.zdfhd_de/1.0/com.gilant.zdfhd_de.apk
2015-11-25 21:48:37.117 INFO  o.d.extract_apks_tool.TopApksPathsFile   Processsing path no. 1104 out of 5253 ( 21.02%): /jacobs/APKs/co/com./com.mapl/com.mapleapps.igotmyapp.festival_withfullforce/1.1.11/com.mapleapps.igotmyapp.festival_withfullforce.apk
2015-11-25 21:48:37.361 INFO  o.d.extract_apks_tool.TopApksPathsFile   Processsing path no. 1156 out of 5253 ( 22.01%): /jacobs/APKs/co/com./com.easy/com.easygame.bubble/1.6.011/com.easygame.bubble.apk
2015-11-25 21:48:37.650 INFO  o.d.extract_apks_tool.TopApksPathsFile   Processsing path no. 1209 out of 5253 ( 23.02%): /jacobs/APKs/co/com./com.h5g./com.h5g.high5casino/1.2.4/com.h5g.high5casino.apk
2015-11-25 21:48:38.105 INFO  o.d.extract_apks_tool.TopApksPathsFile   Processsing path no. 1261 out of 5253 ( 24.01%): /jacobs/APKs/co/com./com.jtsd/com.jtsdf.puzzle.FutsalGame/1.0/com.jtsdf.puzzle.FutsalGame.apk
2015-11-25 21:48:38.335 INFO  o.d.extract_apks_tool.TopApksPathsFile   Processsing path no. 1314 out of 5253 ( 25.01%): /jacobs/APKs/co/com./com.mida/com.midasplayer.apps.bubblewitchsaga2/1.3.1/com.midasplayer.apps.bubblewitchsaga2.apk
2015-11-25 21:48:38.520 INFO  o.d.extract_apks_tool.TopApksPathsFile   Processsing path no. 1366 out of 5253 ( 26.00%): /jacobs/APKs/co/com./com.alti/com.altitubeconverter/1.5/com.altitubeconverter.apk
2015-11-25 21:48:38.705 INFO  o.d.extract_apks_tool.TopApksPathsFile   Processsing path no. 1419 out of 5253 ( 27.01%): /jacobs/APKs/co/com./com.devu/com.devuni.flashlight.strobe/1.2.2/com.devuni.flashlight.strobe.apk
2015-11-25 21:48:38.878 INFO  o.d.extract_apks_tool.TopApksPathsFile   Processsing path no. 1471 out of 5253 ( 28.00%): /jacobs/APKs/co/com./com.shpo/com.shpock.android/2.4.5/com.shpock.android.apk
2015-11-25 21:48:39.067 INFO  o.d.extract_apks_tool.TopApksPathsFile   Processsing path no. 1524 out of 5253 ( 29.01%): /jacobs/APKs/co/com./com.ther/com.therisgames.fs2014.free/2.7/com.therisgames.fs2014.free.apk
2015-11-25 21:48:39.259 INFO  o.d.extract_apks_tool.TopApksPathsFile   Processsing path no. 1576 out of 5253 ( 30.00%): /jacobs/APKs/co/com./com.sche/com.schedjoules.sochi_2014/1.0.4/com.schedjoules.sochi_2014.apk
2015-11-25 21:48:39.547 INFO  o.d.extract_apks_tool.TopApksPathsFile   Processsing path no. 1629 out of 5253 ( 31.01%): /jacobs/APKs/co/com./com.igg./com.igg.android.im/1.0.13/com.igg.android.im.apk
2015-11-25 21:48:39.803 INFO  o.d.extract_apks_tool.TopApksPathsFile   Processsing path no. 1681 out of 5253 ( 32.00%): /jacobs/APKs/co/com./com.gree/com.greenjadedragon.gtasgameplaywalkthrough/1.0/com.greenjadedragon.gtasgameplaywalkthrough.apk
2015-11-25 21:48:40.128 INFO  o.d.extract_apks_tool.TopApksPathsFile   Processsing path no. 1734 out of 5253 ( 33.01%): /jacobs/APKs/co/com./com.mobi/com.mobirix.pocket8ball/1.0.6/com.mobirix.pocket8ball.apk
2015-11-25 21:48:40.324 INFO  o.d.extract_apks_tool.TopApksPathsFile   Processsing path no. 1787 out of 5253 ( 34.02%): /jacobs/APKs/co/com./com.rest/com.resttipico01/1.0/com.resttipico01.apk
2015-11-25 21:48:40.539 INFO  o.d.extract_apks_tool.TopApksPathsFile   Processsing path no. 1839 out of 5253 ( 35.01%): /jacobs/APKs/co/com./com.papz/com.papz.app4/1.0/com.papz.app4.apk
2015-11-25 21:48:40.719 INFO  o.d.extract_apks_tool.TopApksPathsFile   Processsing path no. 1892 out of 5253 ( 36.02%): /jacobs/APKs/co/com./com.chan/com.channels.onlinetvgermany/1.0/com.channels.onlinetvgermany.apk
2015-11-25 21:48:40.897 INFO  o.d.extract_apks_tool.TopApksPathsFile   Processsing path no. 1944 out of 5253 ( 37.01%): /jacobs/APKs/co/com./com.clea/com.cleanmaster.mguard/5.4.1/com.cleanmaster.mguard.apk
2015-11-25 21:48:41.073 INFO  o.d.extract_apks_tool.TopApksPathsFile   Processsing path no. 1997 out of 5253 ( 38.02%): /jacobs/APKs/co/com./com.free/com.free.mp3tubidy/1.0/com.free.mp3tubidy.apk
2015-11-25 21:48:41.280 INFO  o.d.extract_apks_tool.TopApksPathsFile   Processsing path no. 2049 out of 5253 ( 39.01%): /jacobs/APKs/co/com./com.game/com.games.msplash/1.1/com.games.msplash.apk
2015-11-25 21:48:41.530 INFO  o.d.extract_apks_tool.TopApksPathsFile   Processsing path no. 2102 out of 5253 ( 40.02%): /jacobs/APKs/co/com./com.game/com.gamelion.cats/1.1.171/com.gamelion.cats.apk
2015-11-25 21:48:41.816 INFO  o.d.extract_apks_tool.TopApksPathsFile   Processsing path no. 2154 out of 5253 ( 41.01%): /jacobs/APKs/co/com./com.aste/com.asteroids.uw/1.0.1678/com.asteroids.uw.apk
2015-11-25 21:48:42.116 INFO  o.d.extract_apks_tool.TopApksPathsFile   Processsing path no. 2207 out of 5253 ( 42.01%): /jacobs/APKs/co/com./com.tabt/com.tabtale.throatdoctorx/1.0.0/com.tabtale.throatdoctorx.apk
2015-11-25 21:48:42.344 INFO  o.d.extract_apks_tool.TopApksPathsFile   Processsing path no. 2259 out of 5253 ( 43.00%): /jacobs/APKs/co/com./com.thin/com.thinimprove.fishrecipe/1.0/com.thinimprove.fishrecipe.apk
2015-11-25 21:48:42.523 INFO  o.d.extract_apks_tool.TopApksPathsFile   Processsing path no. 2312 out of 5253 ( 44.01%): /jacobs/APKs/co/com./com.soci/com.socialquantum.acityint/1.81/com.socialquantum.acityint.apk
2015-11-25 21:48:42.708 INFO  o.d.extract_apks_tool.TopApksPathsFile   Processsing path no. 2364 out of 5253 ( 45.00%): /jacobs/APKs/co/com./com.acsi/com.acsi.europa/1.2.0.0/com.acsi.europa.apk
2015-11-25 21:48:42.896 INFO  o.d.extract_apks_tool.TopApksPathsFile   Processsing path no. 2417 out of 5253 ( 46.01%): /jacobs/APKs/co/com./com.pand/com.panda.dubsmash/1.1/com.panda.dubsmash.apk
2015-11-25 21:48:43.081 INFO  o.d.extract_apks_tool.TopApksPathsFile   Processsing path no. 2469 out of 5253 ( 47.00%): /jacobs/APKs/co/com./com.marz/com.marzid.epic/1.2/com.marzid.epic.apk
2015-11-25 21:48:43.362 INFO  o.d.extract_apks_tool.TopApksPathsFile   Processsing path no. 2522 out of 5253 ( 48.01%): /jacobs/APKs/co/com./com.pics/com.picsart.studio/4.5.5/com.picsart.studio.apk
2015-11-25 21:48:43.663 INFO  o.d.extract_apks_tool.TopApksPathsFile   Processsing path no. 2574 out of 5253 ( 49.00%): /jacobs/APKs/co/com./com.kiba/com.kibakumba.spielaffe/1.0.11/com.kibakumba.spielaffe.apk
2015-11-25 21:48:43.954 INFO  o.d.extract_apks_tool.TopApksPathsFile   Processsing path no. 2627 out of 5253 ( 50.01%): /jacobs/APKs/co/com./com.icef/com.iceflame.SoccerRally2/1.05/com.iceflame.SoccerRally2.apk
2015-11-25 21:48:44.245 INFO  o.d.extract_apks_tool.TopApksPathsFile   Processsing path no. 2680 out of 5253 ( 51.02%): /jacobs/APKs/co/com./com.disn/com.disney.dedisneychannel_goo/1.0.1/com.disney.dedisneychannel_goo.apk
2015-11-25 21:48:44.440 INFO  o.d.extract_apks_tool.TopApksPathsFile   Processsing path no. 2732 out of 5253 ( 52.01%): /jacobs/APKs/co/com./com.birk/com.birkiuc.youtubetomp3/8.0/com.birkiuc.youtubetomp3.apk
2015-11-25 21:48:44.624 INFO  o.d.extract_apks_tool.TopApksPathsFile   Processsing path no. 2785 out of 5253 ( 53.02%): /jacobs/APKs/co/com./com.boya/com.boyaa.androidmarketde/3.0.3/com.boyaa.androidmarketde.apk
2015-11-25 21:48:44.806 INFO  o.d.extract_apks_tool.TopApksPathsFile   Processsing path no. 2837 out of 5253 ( 54.01%): /jacobs/APKs/co/com./com.ovl./com.ovl.com.kolmmfk22/1.4/com.ovl.com.kolmmfk22.apk
2015-11-25 21:48:44.984 INFO  o.d.extract_apks_tool.TopApksPathsFile   Processsing path no. 2890 out of 5253 ( 55.02%): /jacobs/APKs/co/com./com.GB.T/com.GB.TODice/1.4/com.GB.TODice.apk
2015-11-25 21:48:45.158 INFO  o.d.extract_apks_tool.TopApksPathsFile   Processsing path no. 2942 out of 5253 ( 56.01%): /jacobs/APKs/co/com./com.nmg./com.nmg.pdfapp.com/1.1/com.nmg.pdfapp.com.apk
2015-11-25 21:48:45.408 INFO  o.d.extract_apks_tool.TopApksPathsFile   Processsing path no. 2995 out of 5253 ( 57.02%): /jacobs/APKs/co/com./com.oki./com.oki.colors/1.0.2/com.oki.colors.apk
2015-11-25 21:48:45.699 INFO  o.d.extract_apks_tool.TopApksPathsFile   Processsing path no. 3047 out of 5253 ( 58.00%): /jacobs/APKs/co/com./com.sqb./com.sqb.livefootballtv/1.4/com.sqb.livefootballtv.apk
2015-11-25 21:48:45.979 INFO  o.d.extract_apks_tool.TopApksPathsFile   Processsing path no. 3100 out of 5253 ( 59.01%): /jacobs/APKs/co/com./com.yout/com.youtubetomp3.youtubetomp3/2.0/com.youtubetomp3.youtubetomp3.apk
2015-11-25 21:48:46.217 INFO  o.d.extract_apks_tool.TopApksPathsFile   Processsing path no. 3152 out of 5253 ( 60.00%): /jacobs/APKs/co/com./com.ghof/com.ghofrani.javad.whip/1.0/com.ghofrani.javad.whip.apk
2015-11-25 21:48:46.398 INFO  o.d.extract_apks_tool.TopApksPathsFile   Processsing path no. 3205 out of 5253 ( 61.01%): /jacobs/APKs/co/com./com.vent/com.venture.labs.real.blood.pressure.monitor.prank.joke/1.5.0/com.venture.labs.real.blood.pressure.monitor.prank.joke.apk
2015-11-25 21:48:46.627 INFO  o.d.extract_apks_tool.TopApksPathsFile   Processsing path no. 3257 out of 5253 ( 62.00%): /jacobs/APKs/co/com./com.soft/com.softonic/1.0/com.softonic.apk
2015-11-25 21:48:46.807 INFO  o.d.extract_apks_tool.TopApksPathsFile   Processsing path no. 3310 out of 5253 ( 63.01%): /jacobs/APKs/co/com./com.akso/com.aksoftware.fizle/1.1/com.aksoftware.fizle.apk
2015-11-25 21:48:46.982 INFO  o.d.extract_apks_tool.TopApksPathsFile   Processsing path no. 3362 out of 5253 ( 64.00%): /jacobs/APKs/co/com./com.etra/com.etransfr.chadder/1.3.2.0/com.etransfr.chadder.apk
2015-11-25 21:48:47.146 INFO  o.d.extract_apks_tool.TopApksPathsFile   Processsing path no. 3415 out of 5253 ( 65.01%): /jacobs/APKs/co/com./com.live/com.liveonlinetv247.football/4.3/com.liveonlinetv247.football.apk
2015-11-25 21:48:47.354 INFO  o.d.extract_apks_tool.TopApksPathsFile   Processsing path no. 3467 out of 5253 ( 66.00%): /jacobs/APKs/co/com./com.king/com.king.farmheroessaga/2.6.7/com.king.farmheroessaga.apk
2015-11-25 21:48:47.600 INFO  o.d.extract_apks_tool.TopApksPathsFile   Processsing path no. 3520 out of 5253 ( 67.01%): /jacobs/APKs/co/com./com.tgga/com.tggames.excavator/1.3/com.tggames.excavator.apk
2015-11-25 21:48:47.872 INFO  o.d.extract_apks_tool.TopApksPathsFile   Processsing path no. 3573 out of 5253 ( 68.02%): /jacobs/APKs/co/com./com.cool/com.coolapps.studio.citynight/1.3/com.coolapps.studio.citynight.apk
2015-11-25 21:48:48.133 INFO  o.d.extract_apks_tool.TopApksPathsFile   Processsing path no. 3625 out of 5253 ( 69.01%): /jacobs/APKs/co/com./com.kaka/com.kakapo.freeslots/1.05/com.kakapo.freeslots.apk
2015-11-25 21:48:48.338 INFO  o.d.extract_apks_tool.TopApksPathsFile   Processsing path no. 3678 out of 5253 ( 70.02%): /jacobs/APKs/co/com./com.wWho/com.wWhosings/0.2/com.wWhosings.apk
2015-11-25 21:48:48.517 INFO  o.d.extract_apks_tool.TopApksPathsFile   Processsing path no. 3730 out of 5253 ( 71.01%): /jacobs/APKs/co/com./com.play/com.playinggarden.photocollage/1.0.4/com.playinggarden.photocollage.apk
2015-11-25 21:48:48.695 INFO  o.d.extract_apks_tool.TopApksPathsFile   Processsing path no. 3783 out of 5253 ( 72.02%): /jacobs/APKs/co/com./com.work/com.workhub.communityCloudAndroid/1.0/com.workhub.communityCloudAndroid.apk
2015-11-25 21:48:48.878 INFO  o.d.extract_apks_tool.TopApksPathsFile   Processsing path no. 3835 out of 5253 ( 73.01%): /jacobs/APKs/co/com./com.trib/com.tribeplay.pandacity/1.6/com.tribeplay.pandacity.apk
2015-11-25 21:48:49.100 INFO  o.d.extract_apks_tool.TopApksPathsFile   Processsing path no. 3888 out of 5253 ( 74.01%): /jacobs/APKs/co/com./com.bank/com.bankey.candy/1.0.8/com.bankey.candy.apk
2015-11-25 21:48:49.321 INFO  o.d.extract_apks_tool.TopApksPathsFile   Processsing path no. 3940 out of 5253 ( 75.00%): /jacobs/APKs/co/com./com.debi/com.debitoor.android/1.0.4/com.debitoor.android.apk
2015-11-25 21:48:49.593 INFO  o.d.extract_apks_tool.TopApksPathsFile   Processsing path no. 3993 out of 5253 ( 76.01%): /jacobs/APKs/co/com./com.happ/com.happybluefin.demonblade/1.0.3/com.happybluefin.demonblade.apk
2015-11-25 21:48:49.849 INFO  o.d.extract_apks_tool.TopApksPathsFile   Processsing path no. 4045 out of 5253 ( 77.00%): /jacobs/APKs/co/com./com.aust/com.austrianapps.elsevier.sobotta/1.0.20/com.austrianapps.elsevier.sobotta.apk
2015-11-25 21:48:50.123 INFO  o.d.extract_apks_tool.TopApksPathsFile   Processsing path no. 4098 out of 5253 ( 78.01%): /jacobs/APKs/co/com./com.gau./com.gau.go.launcherex/5.03.2/com.gau.go.launcherex.apk
2015-11-25 21:48:50.331 INFO  o.d.extract_apks_tool.TopApksPathsFile   Processsing path no. 4150 out of 5253 ( 79.00%): /jacobs/APKs/co/com./com.tera/com.teragon.nightsky.lite/1.2.0/com.teragon.nightsky.lite.apk
2015-11-25 21:48:50.508 INFO  o.d.extract_apks_tool.TopApksPathsFile   Processsing path no. 4203 out of 5253 ( 80.01%): /jacobs/APKs/co/com./com.base/com.basetis.blinkingread.blinkingread/2.0.3/com.basetis.blinkingread.blinkingread.apk
2015-11-25 21:48:50.676 INFO  o.d.extract_apks_tool.TopApksPathsFile   Processsing path no. 4255 out of 5253 ( 81.00%): /jacobs/APKs/co/com./com.cmid/com.cmidevelop.whatshack/1.2/com.cmidevelop.whatshack.apk
2015-11-25 21:48:50.859 INFO  o.d.extract_apks_tool.TopApksPathsFile   Processsing path no. 4308 out of 5253 ( 82.01%): /jacobs/APKs/do/doga/dogantv./dogantv.cnnturk/1.0.4/dogantv.cnnturk.apk
2015-11-25 21:48:51.048 INFO  o.d.extract_apks_tool.TopApksPathsFile   Processsing path no. 4360 out of 5253 ( 83.00%): /jacobs/APKs/ai/air./air.drea/air.dreamcaveescape/v2.0.3/air.dreamcaveescape.apk
2015-11-25 21:48:51.222 INFO  o.d.extract_apks_tool.TopApksPathsFile   Processsing path no. 4413 out of 5253 ( 84.01%): /jacobs/APKs/ai/air./air.com./air.com.mobote.amde/1.0.7/air.com.mobote.amde.apk
2015-11-25 21:48:51.515 INFO  o.d.extract_apks_tool.TopApksPathsFile   Processsing path no. 4466 out of 5253 ( 85.02%): /jacobs/APKs/uk/uk.c/uk.co.ai/uk.co.aifactory.chessfree/1.81/uk.co.aifactory.chessfree.apk
2015-11-25 21:48:51.783 INFO  o.d.extract_apks_tool.TopApksPathsFile   Processsing path no. 4518 out of 5253 ( 86.01%): /jacobs/APKs/de/de.m/de.mobil/de.mobile.android.app/3.6.2/de.mobile.android.app.apk
2015-11-25 21:48:52.039 INFO  o.d.extract_apks_tool.TopApksPathsFile   Processsing path no. 4571 out of 5253 ( 87.02%): /jacobs/APKs/de/de.l/de.lochm/de.lochmann.crosswordandroid/1.5/de.lochmann.crosswordandroid.apk
2015-11-25 21:48:52.275 INFO  o.d.extract_apks_tool.TopApksPathsFile   Processsing path no. 4623 out of 5253 ( 88.01%): /jacobs/APKs/de/de.d/de.dasoe/de.dasoertliche.android/3.11/de.dasoertliche.android.apk
2015-11-25 21:48:52.455 INFO  o.d.extract_apks_tool.TopApksPathsFile   Processsing path no. 4676 out of 5253 ( 89.02%): /jacobs/APKs/de/de.p/de.protr/de.protransfer.boxsecure/1.9/de.protransfer.boxsecure.apk
2015-11-25 21:48:52.626 INFO  o.d.extract_apks_tool.TopApksPathsFile   Processsing path no. 4728 out of 5253 ( 90.01%): /jacobs/APKs/de/de.j/de.j4vel/de.j4velin.mapsmeasure/1.1.7/de.j4velin.mapsmeasure.apk
2015-11-25 21:48:52.795 INFO  o.d.extract_apks_tool.TopApksPathsFile   Processsing path no. 4781 out of 5253 ( 91.01%): /jacobs/APKs/de/de.v/de.verba/de.verbandauswahl/0.9.22/de.verbandauswahl.apk
2015-11-25 21:48:52.956 INFO  o.d.extract_apks_tool.TopApksPathsFile   Processsing path no. 4833 out of 5253 ( 92.00%): /jacobs/APKs/de/de.s/de.spieg/de.spiegel.android.app.spon/2.1.45/de.spiegel.android.app.spon.apk
2015-11-25 21:48:53.134 INFO  o.d.extract_apks_tool.TopApksPathsFile   Processsing path no. 4886 out of 5253 ( 93.01%): /jacobs/APKs/de/de.a/de.aok.a/de.aok.android.amgimjob/1.0/de.aok.android.amgimjob.apk
2015-11-25 21:48:53.350 INFO  o.d.extract_apks_tool.TopApksPathsFile   Processsing path no. 4938 out of 5253 ( 94.00%): /jacobs/APKs/de/de.e/de.esolu/de.esolutions4you.speedread/1.3/de.esolutions4you.speedread.apk
2015-11-25 21:48:53.632 INFO  o.d.extract_apks_tool.TopApksPathsFile   Processsing path no. 4991 out of 5253 ( 95.01%): /jacobs/APKs/de/de.t/de.teaca/de.teacapps.cigarettefinder.app/0.9.2/de.teacapps.cigarettefinder.app.apk
2015-11-25 21:48:53.923 INFO  o.d.extract_apks_tool.TopApksPathsFile   Processsing path no. 5043 out of 5253 ( 96.00%): /jacobs/APKs/pd/pdf./pdf.read/pdf.reader/2.0/pdf.reader.apk
2015-11-25 21:48:54.210 INFO  o.d.extract_apks_tool.TopApksPathsFile   Processsing path no. 5096 out of 5253 ( 97.01%): /jacobs/APKs/or/org./org.vide/org.videolan.vlc.betav7neon/0.9.2/org.videolan.vlc.betav7neon.apk
2015-11-25 21:48:54.392 INFO  o.d.extract_apks_tool.TopApksPathsFile   Processsing path no. 5148 out of 5253 ( 98.00%): /jacobs/APKs/mo/mobi/mobi.inf/mobi.infolife.ezweather.widget.moto360/1.0/mobi.infolife.ezweather.widget.moto360.apk
2015-11-25 21:48:54.589 INFO  o.d.extract_apks_tool.TopApksPathsFile   Processsing path no. 5201 out of 5253 ( 99.01%): /jacobs/APKs/jp/jp.g/jp.gree./jp.gree.greeapp60643/1.1/jp.gree.greeapp60643.apk
2015-11-25 21:48:54.775 INFO  o.d.extract_apks_tool.TopApksPathsFile   Processsing path no. 5253 out of 5253 (100.00%): /jacobs/APKs/xr/xray/xray.ruo/xray.ruocco/1.2/xray.ruocco.apk
2015-11-25 21:48:54.779 INFO  o.d.extract_apks_tool.TopApksPathsFile   All apks path processed.
2015-11-25 21:48:56.410 INFO  o.d.e.TopApksPerCategoryFile             Bounds of the considered date range: 
2015-11-25 21:48:56.412 INFO  o.d.e.TopApksPerCategoryFile             # minDate: 2014-01-22 (inferred from apk metadata) 
# maxDate: 2015-05-26 (inferred from apk metadata) 
2015-11-25 21:48:56.502 INFO  o.d.e.TopApksPerCategoryFile             Written out to file ./apks_perCategory3_inTop3_minDatenull_maxDatenull.txt
2015-11-25 21:48:56.502 INFO  o.d.e.ExtractApksToolMain                extract-apks-tool finished running successfully.
