2015-11-25 21:53:30.363 INFO  o.d.e.ExtractApksToolMain                Running with Configuration{perCategory=2, top=[2], maxDate=null, minDate=null, copy=false}
2015-11-25 21:53:30.455 INFO  o.d.extract_apks_tool.TopApksPathsFile   Processing apks paths. Paths to process: 3698
2015-11-25 21:53:31.003 INFO  o.d.extract_apks_tool.TopApksPathsFile   Processsing path no.   37 out of 3698 (  1.00%): /jacobs/APKs/ch/ches/chess.fr/chess.free/1.09/chess.free.apk
2015-11-25 21:53:31.268 INFO  o.d.extract_apks_tool.TopApksPathsFile   Processsing path no.   74 out of 3698 (  2.00%): /jacobs/APKs/oj/oju./oju.emot/oju.emoticon.app/1.0.2/oju.emoticon.app.apk
2015-11-25 21:53:31.489 INFO  o.d.extract_apks_tool.TopApksPathsFile   Processsing path no.  111 out of 3698 (  3.00%): /jacobs/APKs/pl/pl.c/pl.com.a/pl.com.androidapps.mcdonaldskupony/3.4/pl.com.androidapps.mcdonaldskupony.apk
2015-11-25 21:53:31.703 INFO  o.d.extract_apks_tool.TopApksPathsFile   Processsing path no.  148 out of 3698 (  4.00%): /jacobs/APKs/si/si.s/si.sis.m/si.sis.myscansfree/1.2.7/si.sis.myscansfree.apk
2015-11-25 21:53:31.900 INFO  o.d.extract_apks_tool.TopApksPathsFile   Processsing path no.  185 out of 3698 (  5.00%): /jacobs/APKs/ne/net./net.trav/net.traveldeals24.main/1.1.1/net.traveldeals24.main.apk
2015-11-25 21:53:32.074 INFO  o.d.extract_apks_tool.TopApksPathsFile   Processsing path no.  222 out of 3698 (  6.00%): /jacobs/APKs/ne/net./net.atos/net.atos.rg/1.4/net.atos.rg.apk
2015-11-25 21:53:32.263 INFO  o.d.extract_apks_tool.TopApksPathsFile   Processsing path no.  259 out of 3698 (  7.00%): /jacobs/APKs/co/com./com.fifa/com.fifa.stickeralbum.android/1.0/com.fifa.stickeralbum.android.apk
2015-11-25 21:53:32.468 INFO  o.d.extract_apks_tool.TopApksPathsFile   Processsing path no.  296 out of 3698 (  8.00%): /jacobs/APKs/co/com./com.frea/com.freaxator.game100balls/1.04/com.freaxator.game100balls.apk
2015-11-25 21:53:32.595 DEBUG org.droidmate.extract_apks_tool.Apk      ! Missing versionCode in /jacobs/APKs/co/com./com.caow/com.caowen.doodlestyle/1.0/details.json. Using instead majorVersionNumber of 1
2015-11-25 21:53:32.627 INFO  o.d.extract_apks_tool.TopApksPathsFile   Processsing path no.  333 out of 3698 (  9.00%): /jacobs/APKs/co/com./com.wTVS/com.wTVSportsLiveHD/1.2/com.wTVSportsLiveHD.apk
2015-11-25 21:53:32.827 INFO  o.d.extract_apks_tool.TopApksPathsFile   Processsing path no.  370 out of 3698 ( 10.01%): /jacobs/APKs/co/com./com.rauc/com.rauch.millgamef/1.0/com.rauch.millgamef.apk
2015-11-25 21:53:33.092 INFO  o.d.extract_apks_tool.TopApksPathsFile   Processsing path no.  407 out of 3698 ( 11.01%): /jacobs/APKs/co/com./com.ligh/com.lights.discolights/1.0/com.lights.discolights.apk
2015-11-25 21:53:33.415 INFO  o.d.extract_apks_tool.TopApksPathsFile   Processsing path no.  444 out of 3698 ( 12.01%): /jacobs/APKs/co/com./com.sjjm/com.sjjmh.ssmm/1.0/com.sjjmh.ssmm.apk
2015-11-25 21:53:33.667 INFO  o.d.extract_apks_tool.TopApksPathsFile   Processsing path no.  481 out of 3698 ( 13.01%): /jacobs/APKs/co/com./com.clas/com.classicarcades.stevesworld/1.0.3/com.classicarcades.stevesworld.apk
2015-11-25 21:53:33.879 INFO  o.d.extract_apks_tool.TopApksPathsFile   Processsing path no.  518 out of 3698 ( 14.01%): /jacobs/APKs/co/com./com.giul/com.giulio.consoledevweb/1.0.2/com.giulio.consoledevweb.apk
2015-11-25 21:53:34.026 INFO  o.d.extract_apks_tool.TopApksPathsFile   Processsing path no.  555 out of 3698 ( 15.01%): /jacobs/APKs/co/com./com.yogi/com.yogi.valentine/3/com.yogi.valentine.apk
2015-11-25 21:53:34.159 INFO  o.d.extract_apks_tool.TopApksPathsFile   Processsing path no.  592 out of 3698 ( 16.01%): /jacobs/APKs/co/com./com.bitf/com.bitflake.neonrhythm/1.1/com.bitflake.neonrhythm.apk
2015-11-25 21:53:34.307 INFO  o.d.extract_apks_tool.TopApksPathsFile   Processsing path no.  629 out of 3698 ( 17.01%): /jacobs/APKs/co/com./com.myfi/com.myfitnesspal.android/2.10/com.myfitnesspal.android.apk
2015-11-25 21:53:34.458 INFO  o.d.extract_apks_tool.TopApksPathsFile   Processsing path no.  666 out of 3698 ( 18.01%): /jacobs/APKs/co/com./com.andr/com.andromo.dev286190.app339642/1.0/com.andromo.dev286190.app339642.apk
2015-11-25 21:53:34.598 INFO  o.d.extract_apks_tool.TopApksPathsFile   Processsing path no.  703 out of 3698 ( 19.01%): /jacobs/APKs/co/com./com.stev/com.stevenitro.clientaolwebmail/1.0.3/com.stevenitro.clientaolwebmail.apk
2015-11-25 21:53:34.738 INFO  o.d.extract_apks_tool.TopApksPathsFile   Processsing path no.  740 out of 3698 ( 20.01%): /jacobs/APKs/co/com./com.powe/com.powerpoint45.lucidbrowser/1.7/com.powerpoint45.lucidbrowser.apk
2015-11-25 21:53:34.999 INFO  o.d.extract_apks_tool.TopApksPathsFile   Processsing path no.  777 out of 3698 ( 21.01%): /jacobs/APKs/co/com./com.true/com.trueaxis.trueskatefxnet/1.02/com.trueaxis.trueskatefxnet.apk
2015-11-25 21:53:35.247 INFO  o.d.extract_apks_tool.TopApksPathsFile   Processsing path no.  814 out of 3698 ( 22.01%): /jacobs/APKs/co/com./com.h5g./com.h5g.high5casino/1.1.1/com.h5g.high5casino.apk
2015-11-25 21:53:35.564 INFO  o.d.extract_apks_tool.TopApksPathsFile   Processsing path no.  851 out of 3698 ( 23.01%): /jacobs/APKs/co/com./com.roma/com.romantic.texting.free/2.0/com.romantic.texting.free.apk
2015-11-25 21:53:35.747 INFO  o.d.extract_apks_tool.TopApksPathsFile   Processsing path no.  888 out of 3698 ( 24.01%): /jacobs/APKs/co/com./com.goog/com.google.android.apps.paidtasks/20140815/com.google.android.apps.paidtasks.apk
2015-11-25 21:53:35.919 INFO  o.d.extract_apks_tool.TopApksPathsFile   Processsing path no.  925 out of 3698 ( 25.01%): /jacobs/APKs/co/com./com.rarl/com.rarlab.rar/5.10.build11/com.rarlab.rar.apk
2015-11-25 21:53:36.076 INFO  o.d.extract_apks_tool.TopApksPathsFile   Processsing path no.  962 out of 3698 ( 26.01%): /jacobs/APKs/co/com./com.shaz/com.shazam.android/4.4.0-JB82212/com.shazam.android.apk
2015-11-25 21:53:36.204 INFO  o.d.extract_apks_tool.TopApksPathsFile   Processsing path no.  999 out of 3698 ( 27.01%): /jacobs/APKs/co/com./com.devu/com.devuni.flashlight.morse/1.1.2/com.devuni.flashlight.morse.apk
2015-11-25 21:53:36.335 INFO  o.d.extract_apks_tool.TopApksPathsFile   Processsing path no. 1036 out of 3698 ( 28.02%): /jacobs/APKs/co/com./com.moba/com.mobage.ww.a5225.tf2_Android/1.2.0/com.mobage.ww.a5225.tf2_Android.apk
2015-11-25 21:53:36.498 INFO  o.d.extract_apks_tool.TopApksPathsFile   Processsing path no. 1073 out of 3698 ( 29.02%): /jacobs/APKs/co/com./com.ea.g/com.ea.games.simsfreeplay_row/2.10.10/com.ea.games.simsfreeplay_row.apk
2015-11-25 21:53:36.635 INFO  o.d.extract_apks_tool.TopApksPathsFile   Processsing path no. 1110 out of 3698 ( 30.02%): /jacobs/APKs/co/com./com.fact/com.factappslab.jwdotorg/1.0/com.factappslab.jwdotorg.apk
2015-11-25 21:53:36.767 INFO  o.d.extract_apks_tool.TopApksPathsFile   Processsing path no. 1147 out of 3698 ( 31.02%): /jacobs/APKs/co/com./com.igg./com.igg.castleclash_de/1.2.0/com.igg.castleclash_de.apk
2015-11-25 21:53:36.968 INFO  o.d.extract_apks_tool.TopApksPathsFile   Processsing path no. 1184 out of 3698 ( 32.02%): /jacobs/APKs/co/com./com.mobi/com.mobisystems.office/7.5.2087/com.mobisystems.office.apk
2015-11-25 21:53:37.312 INFO  o.d.extract_apks_tool.TopApksPathsFile   Processsing path no. 1221 out of 3698 ( 33.02%): /jacobs/APKs/co/com./com.zyng/com.zynga.FarmVille2CountryEscape/1.4.41/com.zynga.FarmVille2CountryEscape.apk
2015-11-25 21:53:37.672 INFO  o.d.extract_apks_tool.TopApksPathsFile   Processsing path no. 1258 out of 3698 ( 34.02%): /jacobs/APKs/co/com./com.hows/com.howset.howtodrawcartoonsfrozen/1.0.5/com.howset.howtodrawcartoonsfrozen.apk
2015-11-25 21:53:37.928 INFO  o.d.extract_apks_tool.TopApksPathsFile   Processsing path no. 1295 out of 3698 ( 35.02%): /jacobs/APKs/co/com./com.kilo/com.kiloo.subwaysurf/1.25.0/com.kiloo.subwaysurf.apk
2015-11-25 21:53:38.068 INFO  o.d.extract_apks_tool.TopApksPathsFile   Processsing path no. 1332 out of 3698 ( 36.02%): /jacobs/APKs/co/com./com.supe/com.supercell.hayday/1.17.98/com.supercell.hayday.apk
2015-11-25 21:53:38.209 INFO  o.d.extract_apks_tool.TopApksPathsFile   Processsing path no. 1369 out of 3698 ( 37.02%): /jacobs/APKs/co/com./com.clea/com.cleanmaster.security/1.0.2/com.cleanmaster.security.apk
2015-11-25 21:53:38.339 INFO  o.d.extract_apks_tool.TopApksPathsFile   Processsing path no. 1406 out of 3698 ( 38.02%): /jacobs/APKs/co/com./com.derd/com.derdummentest.com.dummentest.dumm/2.0/com.derdummentest.com.dummentest.dumm.apk
2015-11-25 21:53:38.474 INFO  o.d.extract_apks_tool.TopApksPathsFile   Processsing path no. 1443 out of 3698 ( 39.02%): /jacobs/APKs/co/com./com.game/com.gamestar.perfectguitar/1.0.1/com.gamestar.perfectguitar.apk
2015-11-25 21:53:38.605 INFO  o.d.extract_apks_tool.TopApksPathsFile   Processsing path no. 1480 out of 3698 ( 40.02%): /jacobs/APKs/co/com./com.game/com.gamestar.perfectpiano/6.1.9/com.gamestar.perfectpiano.apk
2015-11-25 21:53:38.747 INFO  o.d.extract_apks_tool.TopApksPathsFile   Processsing path no. 1517 out of 3698 ( 41.02%): /jacobs/APKs/co/com./com.fatb/com.fatbatstudio.archery/1.2.2/com.fatbatstudio.archery.apk
2015-11-25 21:53:38.942 INFO  o.d.extract_apks_tool.TopApksPathsFile   Processsing path no. 1554 out of 3698 ( 42.02%): /jacobs/APKs/co/com./com.vist/com.vistapoint.govista/1.6/com.vistapoint.govista.apk
2015-11-25 21:53:39.226 INFO  o.d.extract_apks_tool.TopApksPathsFile   Processsing path no. 1591 out of 3698 ( 43.02%): /jacobs/APKs/co/com./com.mrfl/com.mrflap/1.0.7/com.mrflap.apk
2015-11-25 21:53:39.472 INFO  o.d.extract_apks_tool.TopApksPathsFile   Processsing path no. 1628 out of 3698 ( 44.02%): /jacobs/APKs/co/com./com.prga/com.prgames.livepoker/1.02/com.prgames.livepoker.apk
2015-11-25 21:53:39.856 INFO  o.d.extract_apks_tool.TopApksPathsFile   Processsing path no. 1665 out of 3698 ( 45.02%): /jacobs/APKs/co/com./com.turb/com.turbochilli.unrollme/1.4/com.turbochilli.unrollme.apk
2015-11-25 21:53:40.000 INFO  o.d.extract_apks_tool.TopApksPathsFile   Processsing path no. 1702 out of 3698 ( 46.02%): /jacobs/APKs/co/com./com.alma/com.almalence.opencam/3.24/com.almalence.opencam.apk
2015-11-25 21:53:40.136 INFO  o.d.extract_apks_tool.TopApksPathsFile   Processsing path no. 1739 out of 3698 ( 47.03%): /jacobs/APKs/co/com./com.mang/com.mangasearcher.cat/1.0.1/com.mangasearcher.cat.apk
2015-11-25 21:53:40.258 INFO  o.d.extract_apks_tool.TopApksPathsFile   Processsing path no. 1776 out of 3698 ( 48.03%): /jacobs/APKs/co/com./com.onli/com.onlinewolves.weather/1.03/com.onlinewolves.weather.apk
2015-11-25 21:53:40.425 INFO  o.d.extract_apks_tool.TopApksPathsFile   Processsing path no. 1813 out of 3698 ( 49.03%): /jacobs/APKs/co/com./com.pros/com.prosiebengames.goalone.android/1.62/com.prosiebengames.goalone.android.apk
2015-11-25 21:53:40.548 INFO  o.d.extract_apks_tool.TopApksPathsFile   Processsing path no. 1849 out of 3698 ( 50.00%): /jacobs/APKs/co/com./com.pomp/com.pompeiicity.funpic/SIDECOOLAR 1.4/com.pompeiicity.funpic.apk
2015-11-25 21:53:40.681 INFO  o.d.extract_apks_tool.TopApksPathsFile   Processsing path no. 1886 out of 3698 ( 51.00%): /jacobs/APKs/co/com./com.face/com.facebook.orca/3.3.1-release/com.facebook.orca.apk
2015-11-25 21:53:40.814 INFO  o.d.extract_apks_tool.TopApksPathsFile   Processsing path no. 1923 out of 3698 ( 52.00%): /jacobs/APKs/co/com./com.touc/com.touchgamesproduction.russiantraffic/1.02/com.touchgamesproduction.russiantraffic.apk
2015-11-25 21:53:41.105 INFO  o.d.extract_apks_tool.TopApksPathsFile   Processsing path no. 1960 out of 3698 ( 53.00%): /jacobs/APKs/co/com./com.boxe/com.boxer.email/1.1.1/com.boxer.email.apk
2015-11-25 21:53:41.370 INFO  o.d.extract_apks_tool.TopApksPathsFile   Processsing path no. 1997 out of 3698 ( 54.00%): /jacobs/APKs/co/com./com.haro/com.harokosoft.sopadeletras/2.5/com.harokosoft.sopadeletras.apk
2015-11-25 21:53:41.673 INFO  o.d.extract_apks_tool.TopApksPathsFile   Processsing path no. 2034 out of 3698 ( 55.00%): /jacobs/APKs/co/com./com.core/com.core.games.zombie.girl.run/1.0/com.core.games.zombie.girl.run.apk
2015-11-25 21:53:41.893 INFO  o.d.extract_apks_tool.TopApksPathsFile   Processsing path no. 2071 out of 3698 ( 56.00%): /jacobs/APKs/co/com./com.magm/com.magmamobile.game.SpotTheDifferences/1.0.2/com.magmamobile.game.SpotTheDifferences.apk
2015-11-25 21:53:42.021 INFO  o.d.extract_apks_tool.TopApksPathsFile   Processsing path no. 2108 out of 3698 ( 57.00%): /jacobs/APKs/co/com./com.Tobi/com.Tobit.android.Slitte6494120115/2.754/com.Tobit.android.Slitte6494120115.apk
2015-11-25 21:53:42.157 INFO  o.d.extract_apks_tool.TopApksPathsFile   Processsing path no. 2145 out of 3698 ( 58.00%): /jacobs/APKs/co/com./com.lear/com.learntomaster.vtlts/Expanded range/com.learntomaster.vtlts.apk
2015-11-25 21:53:42.287 INFO  o.d.extract_apks_tool.TopApksPathsFile   Processsing path no. 2182 out of 3698 ( 59.00%): /jacobs/APKs/co/com./com.crem/com.cremagamesstudios.instant/1.0.2/com.cremagamesstudios.instant.apk
2015-11-25 21:53:42.411 INFO  o.d.extract_apks_tool.TopApksPathsFile   Processsing path no. 2219 out of 3698 ( 60.01%): /jacobs/APKs/co/com./com.sls./com.sls.videotube.downloader/1.0/com.sls.videotube.downloader.apk
2015-11-25 21:53:42.534 INFO  o.d.extract_apks_tool.TopApksPathsFile   Processsing path no. 2256 out of 3698 ( 61.01%): /jacobs/APKs/co/com./com.isar/com.isarinteractive.skat.android.ad/10.0.4/com.isarinteractive.skat.android.ad.apk
2015-11-25 21:53:42.660 INFO  o.d.extract_apks_tool.TopApksPathsFile   Processsing path no. 2293 out of 3698 ( 62.01%): /jacobs/APKs/co/com./com.sage/com.sagego.panda.run/1.1.1/com.sagego.panda.run.apk
2015-11-25 21:53:42.791 INFO  o.d.extract_apks_tool.TopApksPathsFile   Processsing path no. 2330 out of 3698 ( 63.01%): /jacobs/APKs/co/com./com.made/com.madelephantstudios.football2014/1.5/com.madelephantstudios.football2014.apk
2015-11-25 21:53:42.987 INFO  o.d.extract_apks_tool.TopApksPathsFile   Processsing path no. 2367 out of 3698 ( 64.01%): /jacobs/APKs/co/com./com.vg.S/com.vg.SchoolBusExtended/1.1/com.vg.SchoolBusExtended.apk
2015-11-25 21:53:43.178 INFO  o.d.extract_apks_tool.TopApksPathsFile   Processsing path no. 2404 out of 3698 ( 65.01%): /jacobs/APKs/co/com./com.king/com.kingcorpdev.wa4tabs/1.2/com.kingcorpdev.wa4tabs.apk
2015-11-25 21:53:43.534 INFO  o.d.extract_apks_tool.TopApksPathsFile   Processsing path no. 2441 out of 3698 ( 66.01%): /jacobs/APKs/co/com./com.ID39/com.ID39.ClashOfClansCheats.Minecraft/1.1/com.ID39.ClashOfClansCheats.Minecraft.apk
2015-11-25 21:53:43.821 INFO  o.d.extract_apks_tool.TopApksPathsFile   Processsing path no. 2478 out of 3698 ( 67.01%): /jacobs/APKs/co/com./com.cool/com.coolxlocker.studio.iosglass/1.0/com.coolxlocker.studio.iosglass.apk
2015-11-25 21:53:44.014 INFO  o.d.extract_apks_tool.TopApksPathsFile   Processsing path no. 2515 out of 3698 ( 68.01%): /jacobs/APKs/co/com./com.netb/com.netbiscuits.kicker/3.2.2/com.netbiscuits.kicker.apk
2015-11-25 21:53:44.144 INFO  o.d.extract_apks_tool.TopApksPathsFile   Processsing path no. 2552 out of 3698 ( 69.01%): /jacobs/APKs/co/com./com.umon/com.umonistudio.tile/2.7.2/com.umonistudio.tile.apk
2015-11-25 21:53:44.271 INFO  o.d.extract_apks_tool.TopApksPathsFile   Processsing path no. 2589 out of 3698 ( 70.01%): /jacobs/APKs/co/com./com.vivo/com.vivoti.phogy/1.10/com.vivoti.phogy.apk
2015-11-25 21:53:44.401 INFO  o.d.extract_apks_tool.TopApksPathsFile   Processsing path no. 2626 out of 3698 ( 71.01%): /jacobs/APKs/co/com./com.mmnb/com.mmnbsl.boycottIsrael/1.1/com.mmnbsl.boycottIsrael.apk
2015-11-25 21:53:44.533 INFO  o.d.extract_apks_tool.TopApksPathsFile   Processsing path no. 2663 out of 3698 ( 72.01%): /jacobs/APKs/co/com./com.wsl./com.wsl.noom/4.0.6/com.wsl.noom.apk
2015-11-25 21:53:44.680 INFO  o.d.extract_apks_tool.TopApksPathsFile   Processsing path no. 2700 out of 3698 ( 73.01%): /jacobs/APKs/co/com./com.cfk./com.cfk.fingerdancing/1.1/com.cfk.fingerdancing.apk
2015-11-25 21:53:44.808 INFO  o.d.extract_apks_tool.TopApksPathsFile   Processsing path no. 2737 out of 3698 ( 74.01%): /jacobs/APKs/co/com./com.life/com.lifecom.albumtube/1.2/com.lifecom.albumtube.apk
2015-11-25 21:53:44.974 INFO  o.d.extract_apks_tool.TopApksPathsFile   Processsing path no. 2774 out of 3698 ( 75.01%): /jacobs/APKs/co/com./com.kols/com.kolsoft.feminap/1.1/com.kolsoft.feminap.apk
2015-11-25 21:53:45.176 INFO  o.d.extract_apks_tool.TopApksPathsFile   Processsing path no. 2811 out of 3698 ( 76.01%): /jacobs/APKs/co/com./com.inst/com.instagram.android/5.2.1/com.instagram.android.apk
2015-11-25 21:53:45.359 INFO  o.d.extract_apks_tool.TopApksPathsFile   Processsing path no. 2848 out of 3698 ( 77.01%): /jacobs/APKs/co/com./com.al33/com.al33m.galaxys5.theme/1.0/com.al33m.galaxys5.theme.apk
2015-11-25 21:53:45.651 INFO  o.d.extract_apks_tool.TopApksPathsFile   Processsing path no. 2885 out of 3698 ( 78.02%): /jacobs/APKs/co/com./com.mini/com.miniclip.soccerstars/1.0.2/com.miniclip.soccerstars.apk
2015-11-25 21:53:45.906 INFO  o.d.extract_apks_tool.TopApksPathsFile   Processsing path no. 2922 out of 3698 ( 79.02%): /jacobs/APKs/co/com./com.buar/com.buarapa.disneyguess/1.0/com.buarapa.disneyguess.apk
2015-11-25 21:53:46.033 INFO  o.d.extract_apks_tool.TopApksPathsFile   Processsing path no. 2959 out of 3698 ( 80.02%): /jacobs/APKs/co/com./com.fing/com.fingersoft.hillclimb/1.15.0/com.fingersoft.hillclimb.apk
2015-11-25 21:53:46.159 INFO  o.d.extract_apks_tool.TopApksPathsFile   Processsing path no. 2996 out of 3698 ( 81.02%): /jacobs/APKs/co/com./com.kevi/com.kevin.ruthe/2.2.2/com.kevin.ruthe.apk
2015-11-25 21:53:46.321 INFO  o.d.extract_apks_tool.TopApksPathsFile   Processsing path no. 3033 out of 3698 ( 82.02%): /jacobs/APKs/ai/air./air.org./air.org.axisentertainment.BabyHazelLegInjury/2/air.org.axisentertainment.BabyHazelLegInjury.apk
2015-11-25 21:53:46.455 INFO  o.d.extract_apks_tool.TopApksPathsFile   Processsing path no. 3070 out of 3698 ( 83.02%): /jacobs/APKs/ai/air./air.com./air.com.tensquaregames.letsfish/1.770/air.com.tensquaregames.letsfish.apk
2015-11-25 21:53:46.605 INFO  o.d.extract_apks_tool.TopApksPathsFile   Processsing path no. 3107 out of 3698 ( 84.02%): /jacobs/APKs/at/at.s/at.samsu/at.samsung.powersleep/1.0.3/at.samsung.powersleep.apk
2015-11-25 21:53:46.745 INFO  o.d.extract_apks_tool.TopApksPathsFile   Processsing path no. 3144 out of 3698 ( 85.02%): /jacobs/APKs/de/de.m/de.mobil/de.mobileeventguide.intermot2014km/1.4/de.mobileeventguide.intermot2014km.apk
2015-11-25 21:53:46.887 INFO  o.d.extract_apks_tool.TopApksPathsFile   Processsing path no. 3181 out of 3698 ( 86.02%): /jacobs/APKs/de/de.l/de.lochm/de.lochmann.stadtlandfluss/2.6/de.lochmann.stadtlandfluss.apk
2015-11-25 21:53:47.128 INFO  o.d.extract_apks_tool.TopApksPathsFile   Processsing path no. 3218 out of 3698 ( 87.02%): /jacobs/APKs/de/de.d/de.daten/de.datenlotsen.campusnet.hsos/1.4.1/de.datenlotsen.campusnet.hsos.apk
2015-11-25 21:53:47.496 INFO  o.d.extract_apks_tool.TopApksPathsFile   Processsing path no. 3255 out of 3698 ( 88.02%): /jacobs/APKs/de/de.F/de.Fuehr/de.Fuehrerschein/1.2.3/de.Fuehrerschein.apk
2015-11-25 21:53:47.756 INFO  o.d.extract_apks_tool.TopApksPathsFile   Processsing path no. 3292 out of 3698 ( 89.02%): /jacobs/APKs/de/de.i/de.is24./de.is24.android/4.2.1/de.is24.android.apk
2015-11-25 21:53:47.949 INFO  o.d.extract_apks_tool.TopApksPathsFile   Processsing path no. 3329 out of 3698 ( 90.02%): /jacobs/APKs/de/de.b/de.bytew/de.bytewerk.stadtlandfluss/1.5/de.bytewerk.stadtlandfluss.apk
2015-11-25 21:53:48.099 INFO  o.d.extract_apks_tool.TopApksPathsFile   Processsing path no. 3366 out of 3698 ( 91.02%): /jacobs/APKs/de/de.s/de.schil/de.schildbach.oeffi/8.05/de.schildbach.oeffi.apk
2015-11-25 21:53:48.227 INFO  o.d.extract_apks_tool.TopApksPathsFile   Processsing path no. 3403 out of 3698 ( 92.02%): /jacobs/APKs/de/de.g/de.gameb/de.gamebeam.brainspeed/1.1/de.gamebeam.brainspeed.apk
2015-11-25 21:53:48.363 INFO  o.d.extract_apks_tool.TopApksPathsFile   Processsing path no. 3440 out of 3698 ( 93.02%): /jacobs/APKs/de/de.f/de.frein/de.freinet.bzsf2014/1.1.3/de.freinet.bzsf2014.apk
2015-11-25 21:53:48.500 INFO  o.d.extract_apks_tool.TopApksPathsFile   Processsing path no. 3477 out of 3698 ( 94.02%): /jacobs/APKs/de/de.h/de.hambu/de.hamburgerabendblatt.android/1.0.0.007/de.hamburgerabendblatt.android.apk
2015-11-25 21:53:48.630 INFO  o.d.extract_apks_tool.TopApksPathsFile   Processsing path no. 3514 out of 3698 ( 95.02%): /jacobs/APKs/de/de.z/de.zeit./de.zeit.online/1.0/de.zeit.online.apk
2015-11-25 21:53:48.767 INFO  o.d.extract_apks_tool.TopApksPathsFile   Processsing path no. 3551 out of 3698 ( 96.02%): /jacobs/APKs/or/org./org.npr./org.npr.one/1.1.0.0/org.npr.one.apk
2015-11-25 21:53:48.922 INFO  o.d.extract_apks_tool.TopApksPathsFile   Processsing path no. 3588 out of 3698 ( 97.03%): /jacobs/APKs/or/org./org.fruc/org.fruct.yar.weightdiary/1.0.3/org.fruct.yar.weightdiary.apk
2015-11-25 21:53:49.141 INFO  o.d.extract_apks_tool.TopApksPathsFile   Processsing path no. 3625 out of 3698 ( 98.03%): /jacobs/APKs/mo/mobi/mobi.inf/mobi.infolife.ezweather.widget.sense3style/1.0/mobi.infolife.ezweather.widget.sense3style.apk
2015-11-25 21:53:49.428 INFO  o.d.extract_apks_tool.TopApksPathsFile   Processsing path no. 3662 out of 3698 ( 99.03%): /jacobs/APKs/fp/fp23/fp234.do/fp234.download/1.0/fp234.download.apk
2015-11-25 21:53:49.632 INFO  o.d.extract_apks_tool.TopApksPathsFile   Processsing path no. 3698 out of 3698 (100.00%): /jacobs/APKs/xr/xray/xray.ruo/xray.ruocco/1.2/xray.ruocco.apk
2015-11-25 21:53:49.636 INFO  o.d.extract_apks_tool.TopApksPathsFile   All apks path processed.
2015-11-25 21:53:50.948 INFO  o.d.e.TopApksPerCategoryFile             Bounds of the considered date range: 
2015-11-25 21:53:50.950 INFO  o.d.e.TopApksPerCategoryFile             # minDate: 2014-01-22 (inferred from apk metadata) 
# maxDate: 2015-05-26 (inferred from apk metadata) 
2015-11-25 21:53:51.035 INFO  o.d.e.TopApksPerCategoryFile             Written out to file ./apks_perCategory2_inTop2_minDatenull_maxDatenull.txt
2015-11-25 21:53:51.035 INFO  o.d.e.ExtractApksToolMain                extract-apks-tool finished running successfully.
