2015-11-25 21:55:07.173 INFO  o.d.e.ExtractApksToolMain                Running with Configuration{perCategory=10, top=[10], maxDate=null, minDate=null, copy=false}
2015-11-25 21:55:07.311 INFO  o.d.extract_apks_tool.TopApksPathsFile   Processing apks paths. Paths to process: 15030
2015-11-25 21:55:08.646 INFO  o.d.extract_apks_tool.TopApksPathsFile   Processsing path no.   151 out of 15030 (  1.00%): /jacobs/APKs/ch/ch.t/ch.three/ch.threema.qrscannerplugin/1.01/ch.threema.qrscannerplugin.apk
2015-11-25 21:55:09.380 INFO  o.d.extract_apks_tool.TopApksPathsFile   Processsing path no.   301 out of 15030 (  2.00%): /jacobs/APKs/us/us.i/us.inter/us.internet.speedup.booster.boost.free/2.0/us.internet.speedup.booster.boost.free.apk
2015-11-25 21:55:10.182 INFO  o.d.extract_apks_tool.TopApksPathsFile   Processsing path no.   451 out of 15030 (  3.00%): /jacobs/APKs/fi/fish/fishnood/fishnoodle.koipond_free/1.7/fishnoodle.koipond_free.apk
2015-11-25 21:55:11.101 INFO  o.d.extract_apks_tool.TopApksPathsFile   Processsing path no.   602 out of 15030 (  4.01%): /jacobs/APKs/bo/boei/boeing.m/boeing.mh370.airplane.simulator/1.0/boeing.mh370.airplane.simulator.apk
2015-11-25 21:55:11.714 INFO  o.d.extract_apks_tool.TopApksPathsFile   Processsing path no.   752 out of 15030 (  5.00%): /jacobs/APKs/ap/appi/appinven/appinventor.ai_DavidJonesDS.piano/1.0/appinventor.ai_DavidJonesDS.piano.apk
2015-11-25 21:55:12.427 INFO  o.d.extract_apks_tool.TopApksPathsFile   Processsing path no.   902 out of 15030 (  6.00%): /jacobs/APKs/ne/net./net.sili/net.siliconuniverse.bass.volume/1.0/net.siliconuniverse.bass.volume.apk
2015-11-25 21:55:13.205 INFO  o.d.extract_apks_tool.TopApksPathsFile   Processsing path no.  1053 out of 15030 (  7.01%): /jacobs/APKs/sc/schm/schmoose/schmoose.icecream.contactaccess/1.0/schmoose.icecream.contactaccess.apk
2015-11-25 21:55:13.800 INFO  o.d.extract_apks_tool.TopApksPathsFile   Processsing path no.  1203 out of 15030 (  8.00%): /jacobs/APKs/co/com./com.duol/com.duolingo/2.5.5/com.duolingo.apk
2015-11-25 21:55:14.516 INFO  o.d.extract_apks_tool.TopApksPathsFile   Processsing path no.  1353 out of 15030 (  9.00%): /jacobs/APKs/co/com./com.mimb/com.mimbii.stpeter/1.0.2324/com.mimbii.stpeter.apk
2015-11-25 21:55:15.136 DEBUG org.droidmate.extract_apks_tool.Apk      ! Missing versionCode in /jacobs/APKs/co/com./com.caow/com.caowen.doodlestyle/1.0/details.json. Using instead majorVersionNumber of 1
2015-11-25 21:55:15.232 INFO  o.d.extract_apks_tool.TopApksPathsFile   Processsing path no.  1503 out of 15030 ( 10.00%): /jacobs/APKs/co/com./com.cm.r/com.cm.riskshaw/1.0/com.cm.riskshaw.apk
2015-11-25 21:55:15.782 INFO  o.d.extract_apks_tool.TopApksPathsFile   Processsing path no.  1654 out of 15030 ( 11.00%): /jacobs/APKs/co/com./com.bung/com.bungieinc.bungiemobile/3.0.6 build #1213/com.bungieinc.bungiemobile.apk
2015-11-25 21:55:16.525 INFO  o.d.extract_apks_tool.TopApksPathsFile   Processsing path no.  1804 out of 15030 ( 12.00%): /jacobs/APKs/co/com./com.vg.A/com.vg.AmbulanceParkingExtended/1.2/com.vg.AmbulanceParkingExtended.apk
2015-11-25 21:55:17.268 INFO  o.d.extract_apks_tool.TopApksPathsFile   Processsing path no.  1954 out of 15030 ( 13.00%): /jacobs/APKs/co/com./com.opti/com.optimalgmbh.volume.booster/1.0/com.optimalgmbh.volume.booster.apk
2015-11-25 21:55:17.794 INFO  o.d.extract_apks_tool.TopApksPathsFile   Processsing path no.  2105 out of 15030 ( 14.01%): /jacobs/APKs/co/com./com.opon/com.opongo.dealbunny.android/6.0.4/com.opongo.dealbunny.android.apk
2015-11-25 21:55:18.679 INFO  o.d.extract_apks_tool.TopApksPathsFile   Processsing path no.  2255 out of 15030 ( 15.00%): /jacobs/APKs/co/com./com.nani/com.naniappza.mapsddnews/1.2/com.naniappza.mapsddnews.apk
2015-11-25 21:55:19.348 INFO  o.d.extract_apks_tool.TopApksPathsFile   Processsing path no.  2405 out of 15030 ( 16.00%): /jacobs/APKs/co/com./com.mdlo/com.mdlove.lovewallpaper/5/com.mdlove.lovewallpaper.apk
2015-11-25 21:55:19.866 INFO  o.d.extract_apks_tool.TopApksPathsFile   Processsing path no.  2556 out of 15030 ( 17.01%): /jacobs/APKs/co/com./com.radi/com.radio_onlain.onlinegermantv/1.0.9/com.radio_onlain.onlinegermantv.apk
2015-11-25 21:55:20.675 INFO  o.d.extract_apks_tool.TopApksPathsFile   Processsing path no.  2706 out of 15030 ( 18.00%): /jacobs/APKs/co/com./com.ebay/com.ebayschnppchen/1.1/com.ebayschnppchen.apk
2015-11-25 21:55:21.314 INFO  o.d.extract_apks_tool.TopApksPathsFile   Processsing path no.  2856 out of 15030 ( 19.00%): /jacobs/APKs/co/com./com.lumo/com.lumoslabs.lumosity/1.0.109/com.lumoslabs.lumosity.apk
2015-11-25 21:55:21.788 INFO  o.d.extract_apks_tool.TopApksPathsFile   Processsing path no.  3006 out of 15030 ( 20.00%): /jacobs/APKs/co/com./com.andr/com.androidman.livelight/2/com.androidman.livelight.apk
2015-11-25 21:55:22.390 INFO  o.d.extract_apks_tool.TopApksPathsFile   Processsing path no.  3157 out of 15030 ( 21.00%): /jacobs/APKs/co/com./com.chi./com.chi.Taxi/1.1/com.chi.Taxi.apk
2015-11-25 21:55:23.150 INFO  o.d.extract_apks_tool.TopApksPathsFile   Processsing path no.  3307 out of 15030 ( 22.00%): /jacobs/APKs/co/com./com.spot/com.spotify.music/1.3.0.423/com.spotify.music.apk
2015-11-25 21:55:23.676 INFO  o.d.extract_apks_tool.TopApksPathsFile   Processsing path no.  3457 out of 15030 ( 23.00%): /jacobs/APKs/co/com./com.ovil/com.ovilex.schooldriving3d/1.6.1/com.ovilex.schooldriving3d.apk
2015-11-25 21:55:24.221 INFO  o.d.extract_apks_tool.TopApksPathsFile   Processsing path no.  3608 out of 15030 ( 24.01%): /jacobs/APKs/co/com./com.nook/com.nooktin.un8/1.0/com.nooktin.un8.apk
2015-11-25 21:55:25.001 INFO  o.d.extract_apks_tool.TopApksPathsFile   Processsing path no.  3758 out of 15030 ( 25.00%): /jacobs/APKs/co/com./com.feel/com.feelingtouch.dipan.slggameglobal/1.03/com.feelingtouch.dipan.slggameglobal.apk
2015-11-25 21:55:25.491 INFO  o.d.extract_apks_tool.TopApksPathsFile   Processsing path no.  3908 out of 15030 ( 26.00%): /jacobs/APKs/co/com./com.goog/com.google.android.youtube/5.10.1.5/com.google.android.youtube.apk
2015-11-25 21:55:25.964 INFO  o.d.extract_apks_tool.TopApksPathsFile   Processsing path no.  4059 out of 15030 ( 27.01%): /jacobs/APKs/co/com./com.alti/com.altitubeconverter/1.4/com.altitubeconverter.apk
2015-11-25 21:55:26.700 INFO  o.d.extract_apks_tool.TopApksPathsFile   Processsing path no.  4209 out of 15030 ( 28.00%): /jacobs/APKs/co/com./com.wDma/com.wDmaxStreaming/0.1/com.wDmaxStreaming.apk
2015-11-25 21:55:27.313 INFO  o.d.extract_apks_tool.TopApksPathsFile   Processsing path no.  4359 out of 15030 ( 29.00%): /jacobs/APKs/co/com./com.magi/com.magine.aliceoid/0.56/com.magine.aliceoid.apk
2015-11-25 21:55:27.803 INFO  o.d.extract_apks_tool.TopApksPathsFile   Processsing path no.  4509 out of 15030 ( 30.00%): /jacobs/APKs/co/com./com.kris/com.kristanix.android.mahjongsolitaireepic/1.44/com.kristanix.android.mahjongsolitaireepic.apk
2015-11-25 21:55:28.418 INFO  o.d.extract_apks_tool.TopApksPathsFile   Processsing path no.  4660 out of 15030 ( 31.00%): /jacobs/APKs/co/com./com.bena/com.benanapp.stepsofhairstyles/1.01.00/com.benanapp.stepsofhairstyles.apk
2015-11-25 21:55:29.155 INFO  o.d.extract_apks_tool.TopApksPathsFile   Processsing path no.  4810 out of 15030 ( 32.00%): /jacobs/APKs/co/com./com.estr/com.estrongs.android.pop/3.1.9.1/com.estrongs.android.pop.apk
2015-11-25 21:55:29.687 INFO  o.d.extract_apks_tool.TopApksPathsFile   Processsing path no.  4960 out of 15030 ( 33.00%): /jacobs/APKs/co/com./com.mobi/com.mobirix.playmaze/1.0.3/com.mobirix.playmaze.apk
2015-11-25 21:55:30.256 INFO  o.d.extract_apks_tool.TopApksPathsFile   Processsing path no.  5111 out of 15030 ( 34.01%): /jacobs/APKs/co/com./com.zyng/com.zynga.livepoker/7.21/com.zynga.livepoker.apk
2015-11-25 21:55:31.017 INFO  o.d.extract_apks_tool.TopApksPathsFile   Processsing path no.  5261 out of 15030 ( 35.00%): /jacobs/APKs/co/com./com.szSo/com.szSolutions.szmoney/1.92/com.szSolutions.szmoney.apk
2015-11-25 21:55:31.557 INFO  o.d.extract_apks_tool.TopApksPathsFile   Processsing path no.  5411 out of 15030 ( 36.00%): /jacobs/APKs/co/com./com.kilo/com.kiloo.subwaysurf/1.21.0/com.kiloo.subwaysurf.apk
2015-11-25 21:55:32.124 INFO  o.d.extract_apks_tool.TopApksPathsFile   Processsing path no.  5562 out of 15030 ( 37.01%): /jacobs/APKs/co/com./com.supe/com.super1.angelogame/1.0.2/com.super1.angelogame.apk
2015-11-25 21:55:33.062 INFO  o.d.extract_apks_tool.TopApksPathsFile   Processsing path no.  5712 out of 15030 ( 38.00%): /jacobs/APKs/co/com./com.free/com.freeway.BodyPiercing/7.1234/com.freeway.BodyPiercing.apk
2015-11-25 21:55:33.569 INFO  o.d.extract_apks_tool.TopApksPathsFile   Processsing path no.  5862 out of 15030 ( 39.00%): /jacobs/APKs/co/com./com.game/com.gamesforteens.heavymetalguitar/2.3.0/com.gamesforteens.heavymetalguitar.apk
2015-11-25 21:55:34.050 INFO  o.d.extract_apks_tool.TopApksPathsFile   Processsing path no.  6012 out of 15030 ( 40.00%): /jacobs/APKs/co/com./com.game/com.games.mountain.offroad.truck.racer/1.1/com.games.mountain.offroad.truck.racer.apk
2015-11-25 21:55:34.803 INFO  o.d.extract_apks_tool.TopApksPathsFile   Processsing path no.  6163 out of 15030 ( 41.00%): /jacobs/APKs/co/com./com.apps/com.apps.sreeni.flippr/1.2/com.apps.sreeni.flippr.apk
2015-11-25 21:55:35.408 INFO  o.d.extract_apks_tool.TopApksPathsFile   Processsing path no.  6313 out of 15030 ( 42.00%): /jacobs/APKs/co/com./com.nian/com.nianticproject.ingress/1.51.0/com.nianticproject.ingress.apk
2015-11-25 21:55:35.963 INFO  o.d.extract_apks_tool.TopApksPathsFile   Processsing path no.  6463 out of 15030 ( 43.00%): /jacobs/APKs/co/com./com.bj.p/com.bj.panini.wc14/1.13/com.bj.panini.wc14.apk
2015-11-25 21:55:36.648 INFO  o.d.extract_apks_tool.TopApksPathsFile   Processsing path no.  6614 out of 15030 ( 44.01%): /jacobs/APKs/co/com./com.tvis/com.tvisted.tremotephilips/1.00.p/com.tvisted.tremotephilips.apk
2015-11-25 21:55:37.336 INFO  o.d.extract_apks_tool.TopApksPathsFile   Processsing path no.  6764 out of 15030 ( 45.00%): /jacobs/APKs/co/com./com.acsi/com.acsi.cca/1.1.0.0/com.acsi.cca.apk
2015-11-25 21:55:37.825 INFO  o.d.extract_apks_tool.TopApksPathsFile   Processsing path no.  6914 out of 15030 ( 46.00%): /jacobs/APKs/co/com./com.hash/com.hashtagrandom.daystodiewiki/1.3/com.hashtagrandom.daystodiewiki.apk
2015-11-25 21:55:38.540 INFO  o.d.extract_apks_tool.TopApksPathsFile   Processsing path no.  7065 out of 15030 ( 47.01%): /jacobs/APKs/co/com./com.jalv/com.jalvasco.football.worldcup/3.0.1/com.jalvasco.football.worldcup.apk
2015-11-25 21:55:39.158 INFO  o.d.extract_apks_tool.TopApksPathsFile   Processsing path no.  7215 out of 15030 ( 48.00%): /jacobs/APKs/co/com./com.GA30/com.GA30.MinecraftTips.DespicableMe/1.1/com.GA30.MinecraftTips.DespicableMe.apk
2015-11-25 21:55:39.634 INFO  o.d.extract_apks_tool.TopApksPathsFile   Processsing path no.  7365 out of 15030 ( 49.00%): /jacobs/APKs/co/com./com.cres/com.crescentmoongames.blocky_roads/1.2.2/com.crescentmoongames.blocky_roads.apk
2015-11-25 21:55:40.144 INFO  o.d.extract_apks_tool.TopApksPathsFile   Processsing path no.  7515 out of 15030 ( 50.00%): /jacobs/APKs/co/com./com.half/com.halfbrick.fruitninjafree/1.9.1/com.halfbrick.fruitninjafree.apk
2015-11-25 21:55:41.051 INFO  o.d.extract_apks_tool.TopApksPathsFile   Processsing path no.  7666 out of 15030 ( 51.00%): /jacobs/APKs/co/com./com.osso/com.ossolf.gunsmodforminecraft/1.0/com.ossolf.gunsmodforminecraft.apk
2015-11-25 21:55:41.561 INFO  o.d.extract_apks_tool.TopApksPathsFile   Processsing path no.  7816 out of 15030 ( 52.00%): /jacobs/APKs/co/com./com.lilw/com.lilwayneslots.slots.android/1.103/com.lilwayneslots.slots.android.apk
2015-11-25 21:55:42.100 INFO  o.d.extract_apks_tool.TopApksPathsFile   Processsing path no.  7966 out of 15030 ( 53.00%): /jacobs/APKs/co/com./com.dsn./com.dsn.cart.elfrzn/1.04/com.dsn.cart.elfrzn.apk
2015-11-25 21:55:42.920 INFO  o.d.extract_apks_tool.TopApksPathsFile   Processsing path no.  8117 out of 15030 ( 54.01%): /jacobs/APKs/co/com./com.stud/com.studio7775.BeatMP3/1.5.4/com.studio7775.BeatMP3.apk
2015-11-25 21:55:43.529 INFO  o.d.extract_apks_tool.TopApksPathsFile   Processsing path no.  8267 out of 15030 ( 55.00%): /jacobs/APKs/co/com./com.pres/com.pressy.app/1.0.11/com.pressy.app.apk
2015-11-25 21:55:44.046 INFO  o.d.extract_apks_tool.TopApksPathsFile   Processsing path no.  8417 out of 15030 ( 56.00%): /jacobs/APKs/co/com./com.mian/com.miantan.myoface/3.3.0/com.miantan.myoface.apk
2015-11-25 21:55:44.880 INFO  o.d.extract_apks_tool.TopApksPathsFile   Processsing path no.  8568 out of 15030 ( 57.01%): /jacobs/APKs/co/com./com.Tobi/com.Tobit.android.Slitte6438606045/2.747/com.Tobit.android.Slitte6438606045.apk
2015-11-25 21:55:45.449 INFO  o.d.extract_apks_tool.TopApksPathsFile   Processsing path no.  8718 out of 15030 ( 58.00%): /jacobs/APKs/co/com./com.Tobi/com.Tobit.android.Slitte6622909179/3.213/com.Tobit.android.Slitte6622909179.apk
2015-11-25 21:55:45.946 INFO  o.d.extract_apks_tool.TopApksPathsFile   Processsing path no.  8868 out of 15030 ( 59.00%): /jacobs/APKs/co/com./com.arte/com.artelplus.howtodraw/3.6.1/com.artelplus.howtodraw.apk
2015-11-25 21:55:46.717 INFO  o.d.extract_apks_tool.TopApksPathsFile   Processsing path no.  9018 out of 15030 ( 60.00%): /jacobs/APKs/co/com./com.inde/com.indeed.android.jobsearch/2.1/com.indeed.android.jobsearch.apk
2015-11-25 21:55:47.410 INFO  o.d.extract_apks_tool.TopApksPathsFile   Processsing path no.  9169 out of 15030 ( 61.00%): /jacobs/APKs/co/com./com.AL37/com.AL37.SubwaySurfersMumbaiEnTips.Pou/1.1/com.AL37.SubwaySurfersMumbaiEnTips.Pou.apk
2015-11-25 21:55:47.899 INFO  o.d.extract_apks_tool.TopApksPathsFile   Processsing path no.  9319 out of 15030 ( 62.00%): /jacobs/APKs/co/com./com.soft/com.softandfree.soccer.goal.shoot.player.match.world.cup.champion.real.flick.league.penalty/1.1/com.softandfree.soccer.goal.shoot.player.match.world.cup.champion.real.flick.league.penalty.apk
2015-11-25 21:55:48.532 INFO  o.d.extract_apks_tool.TopApksPathsFile   Processsing path no.  9469 out of 15030 ( 63.00%): /jacobs/APKs/co/com./com.medi/com.medicalgroupsoft.medical.refbookdiseases.free/1.0/com.medicalgroupsoft.medical.refbookdiseases.free.apk
2015-11-25 21:55:49.228 INFO  o.d.extract_apks_tool.TopApksPathsFile   Processsing path no.  9620 out of 15030 ( 64.01%): /jacobs/APKs/co/com./com.runt/com.runtastic.android/5.0.3/com.runtastic.android.apk
2015-11-25 21:55:49.702 INFO  o.d.extract_apks_tool.TopApksPathsFile   Processsing path no.  9770 out of 15030 ( 65.00%): /jacobs/APKs/co/com./com.live/com.live.tv.tvGermany/1.0/com.live.tv.tvGermany.apk
2015-11-25 21:55:50.174 INFO  o.d.extract_apks_tool.TopApksPathsFile   Processsing path no.  9920 out of 15030 ( 66.00%): /jacobs/APKs/co/com./com.miyn/com.miyni.musiconthego/2.0/com.miyni.musiconthego.apk
2015-11-25 21:55:51.023 INFO  o.d.extract_apks_tool.TopApksPathsFile   Processsing path no. 10071 out of 15030 ( 67.01%): /jacobs/APKs/co/com./com.data/com.dataviz.docstogo/4.001/com.dataviz.docstogo.apk
2015-11-25 21:55:51.558 INFO  o.d.extract_apks_tool.TopApksPathsFile   Processsing path no. 10221 out of 15030 ( 68.00%): /jacobs/APKs/co/com./com.netb/com.netbiscuits.kicker/3.1.1/com.netbiscuits.kicker.apk
2015-11-25 21:55:52.209 INFO  o.d.extract_apks_tool.TopApksPathsFile   Processsing path no. 10371 out of 15030 ( 69.00%): /jacobs/APKs/co/com./com.mog./com.mog.s5experience_alpha/1.02/com.mog.s5experience_alpha.apk
2015-11-25 21:55:53.003 INFO  o.d.extract_apks_tool.TopApksPathsFile   Processsing path no. 10521 out of 15030 ( 70.00%): /jacobs/APKs/co/com./com.kc.w/com.kc.watab/1.3.5/com.kc.watab.apk
2015-11-25 21:55:53.595 INFO  o.d.extract_apks_tool.TopApksPathsFile   Processsing path no. 10672 out of 15030 ( 71.00%): /jacobs/APKs/co/com./com.gzel/com.gzeladm.hailikens/1.0/com.gzeladm.hailikens.apk
2015-11-25 21:55:54.103 INFO  o.d.extract_apks_tool.TopApksPathsFile   Processsing path no. 10822 out of 15030 ( 72.00%): /jacobs/APKs/co/com./com.auto/com.autoscout24/3.1.1/com.autoscout24.apk
2015-11-25 21:55:54.902 INFO  o.d.extract_apks_tool.TopApksPathsFile   Processsing path no. 10972 out of 15030 ( 73.00%): /jacobs/APKs/co/com./com.sall/com.sally.yoga/1.01/com.sally.yoga.apk
2015-11-25 21:55:55.487 INFO  o.d.extract_apks_tool.TopApksPathsFile   Processsing path no. 11123 out of 15030 ( 74.01%): /jacobs/APKs/co/com./com.limb/com.limbic.nuts/1.0.12/com.limbic.nuts.apk
2015-11-25 21:55:55.982 INFO  o.d.extract_apks_tool.TopApksPathsFile   Processsing path no. 11273 out of 15030 ( 75.00%): /jacobs/APKs/co/com./com.wTel/com.wTelAviv25/0.1/com.wTelAviv25.apk
2015-11-25 21:55:56.648 INFO  o.d.extract_apks_tool.TopApksPathsFile   Processsing path no. 11423 out of 15030 ( 76.00%): /jacobs/APKs/co/com./com.rove/com.roveapp.rove/1.0.8/com.roveapp.rove.apk
2015-11-25 21:55:57.308 INFO  o.d.extract_apks_tool.TopApksPathsFile   Processsing path no. 11574 out of 15030 ( 77.01%): /jacobs/APKs/co/com./com.glob/com.globalegrow.app.sammydress/20140504/com.globalegrow.app.sammydress.apk
2015-11-25 21:55:57.807 INFO  o.d.extract_apks_tool.TopApksPathsFile   Processsing path no. 11724 out of 15030 ( 78.00%): /jacobs/APKs/co/com./com.fall/com.fallenhell.plumbergames/1.2.4/com.fallenhell.plumbergames.apk
2015-11-25 21:55:58.351 INFO  o.d.extract_apks_tool.TopApksPathsFile   Processsing path no. 11874 out of 15030 ( 79.00%): /jacobs/APKs/co/com./com.ciga/com.cigalagames.rccar/1.1/com.cigalagames.rccar.apk
2015-11-25 21:55:59.084 INFO  o.d.extract_apks_tool.TopApksPathsFile   Processsing path no. 12024 out of 15030 ( 80.00%): /jacobs/APKs/co/com./com.kauf/com.kauf.wallpaper.wallpaperandbackgrounddeluxe/1.2/com.kauf.wallpaper.wallpaperandbackgrounddeluxe.apk
2015-11-25 21:55:59.849 INFO  o.d.extract_apks_tool.TopApksPathsFile   Processsing path no. 12175 out of 15030 ( 81.00%): /jacobs/APKs/co/com./com.next/com.nextvideo.downloadernext/2.0/com.nextvideo.downloadernext.apk
2015-11-25 21:56:00.497 INFO  o.d.extract_apks_tool.TopApksPathsFile   Processsing path no. 12325 out of 15030 ( 82.00%): /jacobs/APKs/in/info/info.teh/info.tehnocom.yvesrocher/3.1/info.tehnocom.yvesrocher.apk
2015-11-25 21:56:01.017 INFO  o.d.extract_apks_tool.TopApksPathsFile   Processsing path no. 12475 out of 15030 ( 83.00%): /jacobs/APKs/ai/air./air.de.k/air.de.kreaktor.degener.magnettafel/1.1/air.de.kreaktor.degener.magnettafel.apk
2015-11-25 21:56:01.761 INFO  o.d.extract_apks_tool.TopApksPathsFile   Processsing path no. 12626 out of 15030 ( 84.01%): /jacobs/APKs/ai/air./air.com./air.com.freshplanet.games.WaM/1.19.2/air.com.freshplanet.games.WaM.apk
2015-11-25 21:56:02.563 INFO  o.d.extract_apks_tool.TopApksPathsFile   Processsing path no. 12776 out of 15030 ( 85.00%): /jacobs/APKs/ai/air./air.de.f/air.de.fahren_lernen.app/3.1.2/air.de.fahren_lernen.app.apk
2015-11-25 21:56:03.132 INFO  o.d.extract_apks_tool.TopApksPathsFile   Processsing path no. 12926 out of 15030 ( 86.00%): /jacobs/APKs/de/de.m/de.mobix/de.mobix.bielefeld800/1.0/de.mobix.bielefeld800.apk
2015-11-25 21:56:04.066 INFO  o.d.extract_apks_tool.TopApksPathsFile   Processsing path no. 13077 out of 15030 ( 87.01%): /jacobs/APKs/de/de.m/de.msg/de.msg/3.0.4/de.msg.apk
2015-11-25 21:56:04.656 INFO  o.d.extract_apks_tool.TopApksPathsFile   Processsing path no. 13227 out of 15030 ( 88.00%): /jacobs/APKs/de/de.d/de.deuts/de.deutscherfahrschulverlag.fsc/2.5/de.deutscherfahrschulverlag.fsc.apk
2015-11-25 21:56:05.176 INFO  o.d.extract_apks_tool.TopApksPathsFile   Processsing path no. 13377 out of 15030 ( 89.00%): /jacobs/APKs/de/de.c/de.couch/de.couchfunk.liveevents/1.4.2/de.couchfunk.liveevents.apk
2015-11-25 21:56:06.027 INFO  o.d.extract_apks_tool.TopApksPathsFile   Processsing path no. 13527 out of 15030 ( 90.00%): /jacobs/APKs/de/de.j/de.jalsa/de.jalsasalana.app/1.0/de.jalsasalana.app.apk
2015-11-25 21:56:06.615 INFO  o.d.extract_apks_tool.TopApksPathsFile   Processsing path no. 13678 out of 15030 ( 91.00%): /jacobs/APKs/de/de.s/de.schil/de.schildbach.oeffi/8.28/de.schildbach.oeffi.apk
2015-11-25 21:56:07.412 INFO  o.d.extract_apks_tool.TopApksPathsFile   Processsing path no. 13828 out of 15030 ( 92.00%): /jacobs/APKs/de/de.w/de.web.m/de.web.mobile.android.mail/2.32.9/de.web.mobile.android.mail.apk
2015-11-25 21:56:08.217 INFO  o.d.extract_apks_tool.TopApksPathsFile   Processsing path no. 13978 out of 15030 ( 93.00%): /jacobs/APKs/de/de.f/de.falko/de.falko.stundenrechner/1.0/de.falko.stundenrechner.apk
2015-11-25 21:56:08.754 INFO  o.d.extract_apks_tool.TopApksPathsFile   Processsing path no. 14129 out of 15030 ( 94.01%): /jacobs/APKs/de/de.h/de.handb/de.handball4all.sbo/2.3.160L/de.handball4all.sbo.apk
2015-11-25 21:56:09.235 INFO  o.d.extract_apks_tool.TopApksPathsFile   Processsing path no. 14279 out of 15030 ( 95.00%): /jacobs/APKs/de/de.k/de.kiste/de.kisters.igs.mobile.igsPublic/1.2/de.kisters.igs.mobile.igsPublic.apk
2015-11-25 21:56:10.072 INFO  o.d.extract_apks_tool.TopApksPathsFile   Processsing path no. 14429 out of 15030 ( 96.00%): /jacobs/APKs/or/org./org.gami/org.gamillc.fifaworldcup/1.6/org.gamillc.fifaworldcup.apk
2015-11-25 21:56:10.645 INFO  o.d.extract_apks_tool.TopApksPathsFile   Processsing path no. 14580 out of 15030 ( 97.01%): /jacobs/APKs/or/org./org.sopc/org.sopcast.football.soccer.android/1.0.3/org.sopcast.football.soccer.android.apk
2015-11-25 21:56:11.178 INFO  o.d.extract_apks_tool.TopApksPathsFile   Processsing path no. 14730 out of 15030 ( 98.00%): /jacobs/APKs/mo/mobi/mobione./mobione.gnp/1.0.59/mobione.gnp.apk
2015-11-25 21:56:12.061 INFO  o.d.extract_apks_tool.TopApksPathsFile   Processsing path no. 14880 out of 15030 ( 99.00%): /jacobs/APKs/fp/fp.a/fp.adobe/fp.adobe.mint_16_55_push/1.0/fp.adobe.mint_16_55_push.apk
2015-11-25 21:56:12.640 INFO  o.d.extract_apks_tool.TopApksPathsFile   Processsing path no. 15030 out of 15030 (100.00%): /jacobs/APKs/xr/xray/xray.ruo/xray.ruocco/1.2/xray.ruocco.apk
2015-11-25 21:56:12.643 INFO  o.d.extract_apks_tool.TopApksPathsFile   All apks path processed.
2015-11-25 21:56:16.179 INFO  o.d.e.TopApksPerCategoryFile             Bounds of the considered date range: 
2015-11-25 21:56:16.180 INFO  o.d.e.TopApksPerCategoryFile             # minDate: 2014-01-22 (inferred from apk metadata) 
# maxDate: 2015-05-26 (inferred from apk metadata) 
2015-11-25 21:56:16.346 INFO  o.d.e.TopApksPerCategoryFile             Written out to file ./apks_perCategory10_inTop10_minDatenull_maxDatenull.txt
2015-11-25 21:56:16.346 INFO  o.d.e.ExtractApksToolMain                extract-apks-tool finished running successfully.
